[09:54:21] [main/INFO]: Setting user: ForgeDevName
[09:54:22] [Client thread/INFO]: LWJGL Version: 2.9.1
[09:54:26] [Client thread/INFO]: Reloading ResourceManager: Default, FMLFileResourcePack:Forge Mod Loader, FMLFileResourcePack:Minecraft Forge, FMLFileResourcePack:Civilizationcraft
[09:54:27] [Sound Library Loader/INFO]: Sound engine started
[09:54:27] [Client thread/ERROR]: Using missing texture, unable to load civilizationcraft:textures/blocks/orelithium.png
java.io.FileNotFoundException: civilizationcraft:textures/blocks/orelithium.png
	at net.minecraft.client.resources.FallbackResourceManager.getResource(FallbackResourceManager.java:65) ~[FallbackResourceManager.class:?]
	at net.minecraft.client.resources.SimpleReloadableResourceManager.getResource(SimpleReloadableResourceManager.java:67) ~[SimpleReloadableResourceManager.class:?]
	at net.minecraft.client.renderer.texture.TextureMap.loadTextureAtlas(TextureMap.java:126) [TextureMap.class:?]
	at net.minecraft.client.renderer.texture.TextureMap.loadTexture(TextureMap.java:91) [TextureMap.class:?]
	at net.minecraft.client.renderer.texture.TextureManager.loadTexture(TextureManager.java:89) [TextureManager.class:?]
	at net.minecraft.client.renderer.texture.TextureManager.loadTickableTexture(TextureManager.java:71) [TextureManager.class:?]
	at net.minecraft.client.renderer.texture.TextureManager.loadTextureMap(TextureManager.java:58) [TextureManager.class:?]
	at net.minecraft.client.Minecraft.startGame(Minecraft.java:592) [Minecraft.class:?]
	at net.minecraft.client.Minecraft.run(Minecraft.java:941) [Minecraft.class:?]
	at net.minecraft.client.main.Main.main(Main.java:164) [Main.class:?]
	at sun.reflect.NativeMethodAccessorImpl.invoke0(Native Method) ~[?:1.7.0_60]
	at sun.reflect.NativeMethodAccessorImpl.invoke(NativeMethodAccessorImpl.java:57) ~[?:1.7.0_60]
	at sun.reflect.DelegatingMethodAccessorImpl.invoke(DelegatingMethodAccessorImpl.java:43) ~[?:1.7.0_60]
	at java.lang.reflect.Method.invoke(Method.java:606) ~[?:1.7.0_60]
	at net.minecraft.launchwrapper.Launch.launch(Launch.java:134) [launchwrapper-1.9.jar:?]
	at net.minecraft.launchwrapper.Launch.main(Launch.java:28) [launchwrapper-1.9.jar:?]
	at sun.reflect.NativeMethodAccessorImpl.invoke0(Native Method) ~[?:1.7.0_60]
	at sun.reflect.NativeMethodAccessorImpl.invoke(NativeMethodAccessorImpl.java:57) ~[?:1.7.0_60]
	at sun.reflect.DelegatingMethodAccessorImpl.invoke(DelegatingMethodAccessorImpl.java:43) ~[?:1.7.0_60]
	at java.lang.reflect.Method.invoke(Method.java:606) ~[?:1.7.0_60]
	at GradleStart.bounce(GradleStart.java:95) [start/:?]
	at GradleStart.startClient(GradleStart.java:88) [start/:?]
	at GradleStart.main(GradleStart.java:56) [start/:?]
	at sun.reflect.NativeMethodAccessorImpl.invoke0(Native Method) ~[?:1.7.0_60]
	at sun.reflect.NativeMethodAccessorImpl.invoke(NativeMethodAccessorImpl.java:57) ~[?:1.7.0_60]
	at sun.reflect.DelegatingMethodAccessorImpl.invoke(DelegatingMethodAccessorImpl.java:43) ~[?:1.7.0_60]
	at java.lang.reflect.Method.invoke(Method.java:606) ~[?:1.7.0_60]
	at com.intellij.rt.execution.application.AppMain.main(AppMain.java:134) [idea_rt.jar:?]
[09:54:27] [Client thread/ERROR]: Using missing texture, unable to load civilizationcraft:textures/blocks/oremagnesium.png
java.io.FileNotFoundException: civilizationcraft:textures/blocks/oremagnesium.png
	at net.minecraft.client.resources.FallbackResourceManager.getResource(FallbackResourceManager.java:65) ~[FallbackResourceManager.class:?]
	at net.minecraft.client.resources.SimpleReloadableResourceManager.getResource(SimpleReloadableResourceManager.java:67) ~[SimpleReloadableResourceManager.class:?]
	at net.minecraft.client.renderer.texture.TextureMap.loadTextureAtlas(TextureMap.java:126) [TextureMap.class:?]
	at net.minecraft.client.renderer.texture.TextureMap.loadTexture(TextureMap.java:91) [TextureMap.class:?]
	at net.minecraft.client.renderer.texture.TextureManager.loadTexture(TextureManager.java:89) [TextureManager.class:?]
	at net.minecraft.client.renderer.texture.TextureManager.loadTickableTexture(TextureManager.java:71) [TextureManager.class:?]
	at net.minecraft.client.renderer.texture.TextureManager.loadTextureMap(TextureManager.java:58) [TextureManager.class:?]
	at net.minecraft.client.Minecraft.startGame(Minecraft.java:592) [Minecraft.class:?]
	at net.minecraft.client.Minecraft.run(Minecraft.java:941) [Minecraft.class:?]
	at net.minecraft.client.main.Main.main(Main.java:164) [Main.class:?]
	at sun.reflect.NativeMethodAccessorImpl.invoke0(Native Method) ~[?:1.7.0_60]
	at sun.reflect.NativeMethodAccessorImpl.invoke(NativeMethodAccessorImpl.java:57) ~[?:1.7.0_60]
	at sun.reflect.DelegatingMethodAccessorImpl.invoke(DelegatingMethodAccessorImpl.java:43) ~[?:1.7.0_60]
	at java.lang.reflect.Method.invoke(Method.java:606) ~[?:1.7.0_60]
	at net.minecraft.launchwrapper.Launch.launch(Launch.java:134) [launchwrapper-1.9.jar:?]
	at net.minecraft.launchwrapper.Launch.main(Launch.java:28) [launchwrapper-1.9.jar:?]
	at sun.reflect.NativeMethodAccessorImpl.invoke0(Native Method) ~[?:1.7.0_60]
	at sun.reflect.NativeMethodAccessorImpl.invoke(NativeMethodAccessorImpl.java:57) ~[?:1.7.0_60]
	at sun.reflect.DelegatingMethodAccessorImpl.invoke(DelegatingMethodAccessorImpl.java:43) ~[?:1.7.0_60]
	at java.lang.reflect.Method.invoke(Method.java:606) ~[?:1.7.0_60]
	at GradleStart.bounce(GradleStart.java:95) [start/:?]
	at GradleStart.startClient(GradleStart.java:88) [start/:?]
	at GradleStart.main(GradleStart.java:56) [start/:?]
	at sun.reflect.NativeMethodAccessorImpl.invoke0(Native Method) ~[?:1.7.0_60]
	at sun.reflect.NativeMethodAccessorImpl.invoke(NativeMethodAccessorImpl.java:57) ~[?:1.7.0_60]
	at sun.reflect.DelegatingMethodAccessorImpl.invoke(DelegatingMethodAccessorImpl.java:43) ~[?:1.7.0_60]
	at java.lang.reflect.Method.invoke(Method.java:606) ~[?:1.7.0_60]
	at com.intellij.rt.execution.application.AppMain.main(AppMain.java:134) [idea_rt.jar:?]
[09:54:27] [Client thread/ERROR]: Using missing texture, unable to load civilizationcraft:textures/blocks/orenickel.png
java.io.FileNotFoundException: civilizationcraft:textures/blocks/orenickel.png
	at net.minecraft.client.resources.FallbackResourceManager.getResource(FallbackResourceManager.java:65) ~[FallbackResourceManager.class:?]
	at net.minecraft.client.resources.SimpleReloadableResourceManager.getResource(SimpleReloadableResourceManager.java:67) ~[SimpleReloadableResourceManager.class:?]
	at net.minecraft.client.renderer.texture.TextureMap.loadTextureAtlas(TextureMap.java:126) [TextureMap.class:?]
	at net.minecraft.client.renderer.texture.TextureMap.loadTexture(TextureMap.java:91) [TextureMap.class:?]
	at net.minecraft.client.renderer.texture.TextureManager.loadTexture(TextureManager.java:89) [TextureManager.class:?]
	at net.minecraft.client.renderer.texture.TextureManager.loadTickableTexture(TextureManager.java:71) [TextureManager.class:?]
	at net.minecraft.client.renderer.texture.TextureManager.loadTextureMap(TextureManager.java:58) [TextureManager.class:?]
	at net.minecraft.client.Minecraft.startGame(Minecraft.java:592) [Minecraft.class:?]
	at net.minecraft.client.Minecraft.run(Minecraft.java:941) [Minecraft.class:?]
	at net.minecraft.client.main.Main.main(Main.java:164) [Main.class:?]
	at sun.reflect.NativeMethodAccessorImpl.invoke0(Native Method) ~[?:1.7.0_60]
	at sun.reflect.NativeMethodAccessorImpl.invoke(NativeMethodAccessorImpl.java:57) ~[?:1.7.0_60]
	at sun.reflect.DelegatingMethodAccessorImpl.invoke(DelegatingMethodAccessorImpl.java:43) ~[?:1.7.0_60]
	at java.lang.reflect.Method.invoke(Method.java:606) ~[?:1.7.0_60]
	at net.minecraft.launchwrapper.Launch.launch(Launch.java:134) [launchwrapper-1.9.jar:?]
	at net.minecraft.launchwrapper.Launch.main(Launch.java:28) [launchwrapper-1.9.jar:?]
	at sun.reflect.NativeMethodAccessorImpl.invoke0(Native Method) ~[?:1.7.0_60]
	at sun.reflect.NativeMethodAccessorImpl.invoke(NativeMethodAccessorImpl.java:57) ~[?:1.7.0_60]
	at sun.reflect.DelegatingMethodAccessorImpl.invoke(DelegatingMethodAccessorImpl.java:43) ~[?:1.7.0_60]
	at java.lang.reflect.Method.invoke(Method.java:606) ~[?:1.7.0_60]
	at GradleStart.bounce(GradleStart.java:95) [start/:?]
	at GradleStart.startClient(GradleStart.java:88) [start/:?]
	at GradleStart.main(GradleStart.java:56) [start/:?]
	at sun.reflect.NativeMethodAccessorImpl.invoke0(Native Method) ~[?:1.7.0_60]
	at sun.reflect.NativeMethodAccessorImpl.invoke(NativeMethodAccessorImpl.java:57) ~[?:1.7.0_60]
	at sun.reflect.DelegatingMethodAccessorImpl.invoke(DelegatingMethodAccessorImpl.java:43) ~[?:1.7.0_60]
	at java.lang.reflect.Method.invoke(Method.java:606) ~[?:1.7.0_60]
	at com.intellij.rt.execution.application.AppMain.main(AppMain.java:134) [idea_rt.jar:?]
[09:54:27] [Client thread/ERROR]: Using missing texture, unable to load civilizationcraft:textures/blocks/orechromium.png
java.io.FileNotFoundException: civilizationcraft:textures/blocks/orechromium.png
	at net.minecraft.client.resources.FallbackResourceManager.getResource(FallbackResourceManager.java:65) ~[FallbackResourceManager.class:?]
	at net.minecraft.client.resources.SimpleReloadableResourceManager.getResource(SimpleReloadableResourceManager.java:67) ~[SimpleReloadableResourceManager.class:?]
	at net.minecraft.client.renderer.texture.TextureMap.loadTextureAtlas(TextureMap.java:126) [TextureMap.class:?]
	at net.minecraft.client.renderer.texture.TextureMap.loadTexture(TextureMap.java:91) [TextureMap.class:?]
	at net.minecraft.client.renderer.texture.TextureManager.loadTexture(TextureManager.java:89) [TextureManager.class:?]
	at net.minecraft.client.renderer.texture.TextureManager.loadTickableTexture(TextureManager.java:71) [TextureManager.class:?]
	at net.minecraft.client.renderer.texture.TextureManager.loadTextureMap(TextureManager.java:58) [TextureManager.class:?]
	at net.minecraft.client.Minecraft.startGame(Minecraft.java:592) [Minecraft.class:?]
	at net.minecraft.client.Minecraft.run(Minecraft.java:941) [Minecraft.class:?]
	at net.minecraft.client.main.Main.main(Main.java:164) [Main.class:?]
	at sun.reflect.NativeMethodAccessorImpl.invoke0(Native Method) ~[?:1.7.0_60]
	at sun.reflect.NativeMethodAccessorImpl.invoke(NativeMethodAccessorImpl.java:57) ~[?:1.7.0_60]
	at sun.reflect.DelegatingMethodAccessorImpl.invoke(DelegatingMethodAccessorImpl.java:43) ~[?:1.7.0_60]
	at java.lang.reflect.Method.invoke(Method.java:606) ~[?:1.7.0_60]
	at net.minecraft.launchwrapper.Launch.launch(Launch.java:134) [launchwrapper-1.9.jar:?]
	at net.minecraft.launchwrapper.Launch.main(Launch.java:28) [launchwrapper-1.9.jar:?]
	at sun.reflect.NativeMethodAccessorImpl.invoke0(Native Method) ~[?:1.7.0_60]
	at sun.reflect.NativeMethodAccessorImpl.invoke(NativeMethodAccessorImpl.java:57) ~[?:1.7.0_60]
	at sun.reflect.DelegatingMethodAccessorImpl.invoke(DelegatingMethodAccessorImpl.java:43) ~[?:1.7.0_60]
	at java.lang.reflect.Method.invoke(Method.java:606) ~[?:1.7.0_60]
	at GradleStart.bounce(GradleStart.java:95) [start/:?]
	at GradleStart.startClient(GradleStart.java:88) [start/:?]
	at GradleStart.main(GradleStart.java:56) [start/:?]
	at sun.reflect.NativeMethodAccessorImpl.invoke0(Native Method) ~[?:1.7.0_60]
	at sun.reflect.NativeMethodAccessorImpl.invoke(NativeMethodAccessorImpl.java:57) ~[?:1.7.0_60]
	at sun.reflect.DelegatingMethodAccessorImpl.invoke(DelegatingMethodAccessorImpl.java:43) ~[?:1.7.0_60]
	at java.lang.reflect.Method.invoke(Method.java:606) ~[?:1.7.0_60]
	at com.intellij.rt.execution.application.AppMain.main(AppMain.java:134) [idea_rt.jar:?]
[09:54:27] [Client thread/ERROR]: Using missing texture, unable to load civilizationcraft:textures/blocks/oretin.png
java.io.FileNotFoundException: civilizationcraft:textures/blocks/oretin.png
	at net.minecraft.client.resources.FallbackResourceManager.getResource(FallbackResourceManager.java:65) ~[FallbackResourceManager.class:?]
	at net.minecraft.client.resources.SimpleReloadableResourceManager.getResource(SimpleReloadableResourceManager.java:67) ~[SimpleReloadableResourceManager.class:?]
	at net.minecraft.client.renderer.texture.TextureMap.loadTextureAtlas(TextureMap.java:126) [TextureMap.class:?]
	at net.minecraft.client.renderer.texture.TextureMap.loadTexture(TextureMap.java:91) [TextureMap.class:?]
	at net.minecraft.client.renderer.texture.TextureManager.loadTexture(TextureManager.java:89) [TextureManager.class:?]
	at net.minecraft.client.renderer.texture.TextureManager.loadTickableTexture(TextureManager.java:71) [TextureManager.class:?]
	at net.minecraft.client.renderer.texture.TextureManager.loadTextureMap(TextureManager.java:58) [TextureManager.class:?]
	at net.minecraft.client.Minecraft.startGame(Minecraft.java:592) [Minecraft.class:?]
	at net.minecraft.client.Minecraft.run(Minecraft.java:941) [Minecraft.class:?]
	at net.minecraft.client.main.Main.main(Main.java:164) [Main.class:?]
	at sun.reflect.NativeMethodAccessorImpl.invoke0(Native Method) ~[?:1.7.0_60]
	at sun.reflect.NativeMethodAccessorImpl.invoke(NativeMethodAccessorImpl.java:57) ~[?:1.7.0_60]
	at sun.reflect.DelegatingMethodAccessorImpl.invoke(DelegatingMethodAccessorImpl.java:43) ~[?:1.7.0_60]
	at java.lang.reflect.Method.invoke(Method.java:606) ~[?:1.7.0_60]
	at net.minecraft.launchwrapper.Launch.launch(Launch.java:134) [launchwrapper-1.9.jar:?]
	at net.minecraft.launchwrapper.Launch.main(Launch.java:28) [launchwrapper-1.9.jar:?]
	at sun.reflect.NativeMethodAccessorImpl.invoke0(Native Method) ~[?:1.7.0_60]
	at sun.reflect.NativeMethodAccessorImpl.invoke(NativeMethodAccessorImpl.java:57) ~[?:1.7.0_60]
	at sun.reflect.DelegatingMethodAccessorImpl.invoke(DelegatingMethodAccessorImpl.java:43) ~[?:1.7.0_60]
	at java.lang.reflect.Method.invoke(Method.java:606) ~[?:1.7.0_60]
	at GradleStart.bounce(GradleStart.java:95) [start/:?]
	at GradleStart.startClient(GradleStart.java:88) [start/:?]
	at GradleStart.main(GradleStart.java:56) [start/:?]
	at sun.reflect.NativeMethodAccessorImpl.invoke0(Native Method) ~[?:1.7.0_60]
	at sun.reflect.NativeMethodAccessorImpl.invoke(NativeMethodAccessorImpl.java:57) ~[?:1.7.0_60]
	at sun.reflect.DelegatingMethodAccessorImpl.invoke(DelegatingMethodAccessorImpl.java:43) ~[?:1.7.0_60]
	at java.lang.reflect.Method.invoke(Method.java:606) ~[?:1.7.0_60]
	at com.intellij.rt.execution.application.AppMain.main(AppMain.java:134) [idea_rt.jar:?]
[09:54:27] [Client thread/ERROR]: Using missing texture, unable to load civilizationcraft:textures/blocks/orecinnabar.png
java.io.FileNotFoundException: civilizationcraft:textures/blocks/orecinnabar.png
	at net.minecraft.client.resources.FallbackResourceManager.getResource(FallbackResourceManager.java:65) ~[FallbackResourceManager.class:?]
	at net.minecraft.client.resources.SimpleReloadableResourceManager.getResource(SimpleReloadableResourceManager.java:67) ~[SimpleReloadableResourceManager.class:?]
	at net.minecraft.client.renderer.texture.TextureMap.loadTextureAtlas(TextureMap.java:126) [TextureMap.class:?]
	at net.minecraft.client.renderer.texture.TextureMap.loadTexture(TextureMap.java:91) [TextureMap.class:?]
	at net.minecraft.client.renderer.texture.TextureManager.loadTexture(TextureManager.java:89) [TextureManager.class:?]
	at net.minecraft.client.renderer.texture.TextureManager.loadTickableTexture(TextureManager.java:71) [TextureManager.class:?]
	at net.minecraft.client.renderer.texture.TextureManager.loadTextureMap(TextureManager.java:58) [TextureManager.class:?]
	at net.minecraft.client.Minecraft.startGame(Minecraft.java:592) [Minecraft.class:?]
	at net.minecraft.client.Minecraft.run(Minecraft.java:941) [Minecraft.class:?]
	at net.minecraft.client.main.Main.main(Main.java:164) [Main.class:?]
	at sun.reflect.NativeMethodAccessorImpl.invoke0(Native Method) ~[?:1.7.0_60]
	at sun.reflect.NativeMethodAccessorImpl.invoke(NativeMethodAccessorImpl.java:57) ~[?:1.7.0_60]
	at sun.reflect.DelegatingMethodAccessorImpl.invoke(DelegatingMethodAccessorImpl.java:43) ~[?:1.7.0_60]
	at java.lang.reflect.Method.invoke(Method.java:606) ~[?:1.7.0_60]
	at net.minecraft.launchwrapper.Launch.launch(Launch.java:134) [launchwrapper-1.9.jar:?]
	at net.minecraft.launchwrapper.Launch.main(Launch.java:28) [launchwrapper-1.9.jar:?]
	at sun.reflect.NativeMethodAccessorImpl.invoke0(Native Method) ~[?:1.7.0_60]
	at sun.reflect.NativeMethodAccessorImpl.invoke(NativeMethodAccessorImpl.java:57) ~[?:1.7.0_60]
	at sun.reflect.DelegatingMethodAccessorImpl.invoke(DelegatingMethodAccessorImpl.java:43) ~[?:1.7.0_60]
	at java.lang.reflect.Method.invoke(Method.java:606) ~[?:1.7.0_60]
	at GradleStart.bounce(GradleStart.java:95) [start/:?]
	at GradleStart.startClient(GradleStart.java:88) [start/:?]
	at GradleStart.main(GradleStart.java:56) [start/:?]
	at sun.reflect.NativeMethodAccessorImpl.invoke0(Native Method) ~[?:1.7.0_60]
	at sun.reflect.NativeMethodAccessorImpl.invoke(NativeMethodAccessorImpl.java:57) ~[?:1.7.0_60]
	at sun.reflect.DelegatingMethodAccessorImpl.invoke(DelegatingMethodAccessorImpl.java:43) ~[?:1.7.0_60]
	at java.lang.reflect.Method.invoke(Method.java:606) ~[?:1.7.0_60]
	at com.intellij.rt.execution.application.AppMain.main(AppMain.java:134) [idea_rt.jar:?]
[09:54:27] [Client thread/ERROR]: Using missing texture, unable to load civilizationcraft:textures/blocks/orethorium.png
java.io.FileNotFoundException: civilizationcraft:textures/blocks/orethorium.png
	at net.minecraft.client.resources.FallbackResourceManager.getResource(FallbackResourceManager.java:65) ~[FallbackResourceManager.class:?]
	at net.minecraft.client.resources.SimpleReloadableResourceManager.getResource(SimpleReloadableResourceManager.java:67) ~[SimpleReloadableResourceManager.class:?]
	at net.minecraft.client.renderer.texture.TextureMap.loadTextureAtlas(TextureMap.java:126) [TextureMap.class:?]
	at net.minecraft.client.renderer.texture.TextureMap.loadTexture(TextureMap.java:91) [TextureMap.class:?]
	at net.minecraft.client.renderer.texture.TextureManager.loadTexture(TextureManager.java:89) [TextureManager.class:?]
	at net.minecraft.client.renderer.texture.TextureManager.loadTickableTexture(TextureManager.java:71) [TextureManager.class:?]
	at net.minecraft.client.renderer.texture.TextureManager.loadTextureMap(TextureManager.java:58) [TextureManager.class:?]
	at net.minecraft.client.Minecraft.startGame(Minecraft.java:592) [Minecraft.class:?]
	at net.minecraft.client.Minecraft.run(Minecraft.java:941) [Minecraft.class:?]
	at net.minecraft.client.main.Main.main(Main.java:164) [Main.class:?]
	at sun.reflect.NativeMethodAccessorImpl.invoke0(Native Method) ~[?:1.7.0_60]
	at sun.reflect.NativeMethodAccessorImpl.invoke(NativeMethodAccessorImpl.java:57) ~[?:1.7.0_60]
	at sun.reflect.DelegatingMethodAccessorImpl.invoke(DelegatingMethodAccessorImpl.java:43) ~[?:1.7.0_60]
	at java.lang.reflect.Method.invoke(Method.java:606) ~[?:1.7.0_60]
	at net.minecraft.launchwrapper.Launch.launch(Launch.java:134) [launchwrapper-1.9.jar:?]
	at net.minecraft.launchwrapper.Launch.main(Launch.java:28) [launchwrapper-1.9.jar:?]
	at sun.reflect.NativeMethodAccessorImpl.invoke0(Native Method) ~[?:1.7.0_60]
	at sun.reflect.NativeMethodAccessorImpl.invoke(NativeMethodAccessorImpl.java:57) ~[?:1.7.0_60]
	at sun.reflect.DelegatingMethodAccessorImpl.invoke(DelegatingMethodAccessorImpl.java:43) ~[?:1.7.0_60]
	at java.lang.reflect.Method.invoke(Method.java:606) ~[?:1.7.0_60]
	at GradleStart.bounce(GradleStart.java:95) [start/:?]
	at GradleStart.startClient(GradleStart.java:88) [start/:?]
	at GradleStart.main(GradleStart.java:56) [start/:?]
	at sun.reflect.NativeMethodAccessorImpl.invoke0(Native Method) ~[?:1.7.0_60]
	at sun.reflect.NativeMethodAccessorImpl.invoke(NativeMethodAccessorImpl.java:57) ~[?:1.7.0_60]
	at sun.reflect.DelegatingMethodAccessorImpl.invoke(DelegatingMethodAccessorImpl.java:43) ~[?:1.7.0_60]
	at java.lang.reflect.Method.invoke(Method.java:606) ~[?:1.7.0_60]
	at com.intellij.rt.execution.application.AppMain.main(AppMain.java:134) [idea_rt.jar:?]
[09:54:27] [Client thread/ERROR]: Using missing texture, unable to load civilizationcraft:textures/blocks/oresilver.png
java.io.FileNotFoundException: civilizationcraft:textures/blocks/oresilver.png
	at net.minecraft.client.resources.FallbackResourceManager.getResource(FallbackResourceManager.java:65) ~[FallbackResourceManager.class:?]
	at net.minecraft.client.resources.SimpleReloadableResourceManager.getResource(SimpleReloadableResourceManager.java:67) ~[SimpleReloadableResourceManager.class:?]
	at net.minecraft.client.renderer.texture.TextureMap.loadTextureAtlas(TextureMap.java:126) [TextureMap.class:?]
	at net.minecraft.client.renderer.texture.TextureMap.loadTexture(TextureMap.java:91) [TextureMap.class:?]
	at net.minecraft.client.renderer.texture.TextureManager.loadTexture(TextureManager.java:89) [TextureManager.class:?]
	at net.minecraft.client.renderer.texture.TextureManager.loadTickableTexture(TextureManager.java:71) [TextureManager.class:?]
	at net.minecraft.client.renderer.texture.TextureManager.loadTextureMap(TextureManager.java:58) [TextureManager.class:?]
	at net.minecraft.client.Minecraft.startGame(Minecraft.java:592) [Minecraft.class:?]
	at net.minecraft.client.Minecraft.run(Minecraft.java:941) [Minecraft.class:?]
	at net.minecraft.client.main.Main.main(Main.java:164) [Main.class:?]
	at sun.reflect.NativeMethodAccessorImpl.invoke0(Native Method) ~[?:1.7.0_60]
	at sun.reflect.NativeMethodAccessorImpl.invoke(NativeMethodAccessorImpl.java:57) ~[?:1.7.0_60]
	at sun.reflect.DelegatingMethodAccessorImpl.invoke(DelegatingMethodAccessorImpl.java:43) ~[?:1.7.0_60]
	at java.lang.reflect.Method.invoke(Method.java:606) ~[?:1.7.0_60]
	at net.minecraft.launchwrapper.Launch.launch(Launch.java:134) [launchwrapper-1.9.jar:?]
	at net.minecraft.launchwrapper.Launch.main(Launch.java:28) [launchwrapper-1.9.jar:?]
	at sun.reflect.NativeMethodAccessorImpl.invoke0(Native Method) ~[?:1.7.0_60]
	at sun.reflect.NativeMethodAccessorImpl.invoke(NativeMethodAccessorImpl.java:57) ~[?:1.7.0_60]
	at sun.reflect.DelegatingMethodAccessorImpl.invoke(DelegatingMethodAccessorImpl.java:43) ~[?:1.7.0_60]
	at java.lang.reflect.Method.invoke(Method.java:606) ~[?:1.7.0_60]
	at GradleStart.bounce(GradleStart.java:95) [start/:?]
	at GradleStart.startClient(GradleStart.java:88) [start/:?]
	at GradleStart.main(GradleStart.java:56) [start/:?]
	at sun.reflect.NativeMethodAccessorImpl.invoke0(Native Method) ~[?:1.7.0_60]
	at sun.reflect.NativeMethodAccessorImpl.invoke(NativeMethodAccessorImpl.java:57) ~[?:1.7.0_60]
	at sun.reflect.DelegatingMethodAccessorImpl.invoke(DelegatingMethodAccessorImpl.java:43) ~[?:1.7.0_60]
	at java.lang.reflect.Method.invoke(Method.java:606) ~[?:1.7.0_60]
	at com.intellij.rt.execution.application.AppMain.main(AppMain.java:134) [idea_rt.jar:?]
[09:54:27] [Client thread/ERROR]: Using missing texture, unable to load civilizationcraft:textures/blocks/oremithril.png
java.io.FileNotFoundException: civilizationcraft:textures/blocks/oremithril.png
	at net.minecraft.client.resources.FallbackResourceManager.getResource(FallbackResourceManager.java:65) ~[FallbackResourceManager.class:?]
	at net.minecraft.client.resources.SimpleReloadableResourceManager.getResource(SimpleReloadableResourceManager.java:67) ~[SimpleReloadableResourceManager.class:?]
	at net.minecraft.client.renderer.texture.TextureMap.loadTextureAtlas(TextureMap.java:126) [TextureMap.class:?]
	at net.minecraft.client.renderer.texture.TextureMap.loadTexture(TextureMap.java:91) [TextureMap.class:?]
	at net.minecraft.client.renderer.texture.TextureManager.loadTexture(TextureManager.java:89) [TextureManager.class:?]
	at net.minecraft.client.renderer.texture.TextureManager.loadTickableTexture(TextureManager.java:71) [TextureManager.class:?]
	at net.minecraft.client.renderer.texture.TextureManager.loadTextureMap(TextureManager.java:58) [TextureManager.class:?]
	at net.minecraft.client.Minecraft.startGame(Minecraft.java:592) [Minecraft.class:?]
	at net.minecraft.client.Minecraft.run(Minecraft.java:941) [Minecraft.class:?]
	at net.minecraft.client.main.Main.main(Main.java:164) [Main.class:?]
	at sun.reflect.NativeMethodAccessorImpl.invoke0(Native Method) ~[?:1.7.0_60]
	at sun.reflect.NativeMethodAccessorImpl.invoke(NativeMethodAccessorImpl.java:57) ~[?:1.7.0_60]
	at sun.reflect.DelegatingMethodAccessorImpl.invoke(DelegatingMethodAccessorImpl.java:43) ~[?:1.7.0_60]
	at java.lang.reflect.Method.invoke(Method.java:606) ~[?:1.7.0_60]
	at net.minecraft.launchwrapper.Launch.launch(Launch.java:134) [launchwrapper-1.9.jar:?]
	at net.minecraft.launchwrapper.Launch.main(Launch.java:28) [launchwrapper-1.9.jar:?]
	at sun.reflect.NativeMethodAccessorImpl.invoke0(Native Method) ~[?:1.7.0_60]
	at sun.reflect.NativeMethodAccessorImpl.invoke(NativeMethodAccessorImpl.java:57) ~[?:1.7.0_60]
	at sun.reflect.DelegatingMethodAccessorImpl.invoke(DelegatingMethodAccessorImpl.java:43) ~[?:1.7.0_60]
	at java.lang.reflect.Method.invoke(Method.java:606) ~[?:1.7.0_60]
	at GradleStart.bounce(GradleStart.java:95) [start/:?]
	at GradleStart.startClient(GradleStart.java:88) [start/:?]
	at GradleStart.main(GradleStart.java:56) [start/:?]
	at sun.reflect.NativeMethodAccessorImpl.invoke0(Native Method) ~[?:1.7.0_60]
	at sun.reflect.NativeMethodAccessorImpl.invoke(NativeMethodAccessorImpl.java:57) ~[?:1.7.0_60]
	at sun.reflect.DelegatingMethodAccessorImpl.invoke(DelegatingMethodAccessorImpl.java:43) ~[?:1.7.0_60]
	at java.lang.reflect.Method.invoke(Method.java:606) ~[?:1.7.0_60]
	at com.intellij.rt.execution.application.AppMain.main(AppMain.java:134) [idea_rt.jar:?]
[09:54:27] [Client thread/ERROR]: Using missing texture, unable to load civilizationcraft:textures/blocks/orezinc.png
java.io.FileNotFoundException: civilizationcraft:textures/blocks/orezinc.png
	at net.minecraft.client.resources.FallbackResourceManager.getResource(FallbackResourceManager.java:65) ~[FallbackResourceManager.class:?]
	at net.minecraft.client.resources.SimpleReloadableResourceManager.getResource(SimpleReloadableResourceManager.java:67) ~[SimpleReloadableResourceManager.class:?]
	at net.minecraft.client.renderer.texture.TextureMap.loadTextureAtlas(TextureMap.java:126) [TextureMap.class:?]
	at net.minecraft.client.renderer.texture.TextureMap.loadTexture(TextureMap.java:91) [TextureMap.class:?]
	at net.minecraft.client.renderer.texture.TextureManager.loadTexture(TextureManager.java:89) [TextureManager.class:?]
	at net.minecraft.client.renderer.texture.TextureManager.loadTickableTexture(TextureManager.java:71) [TextureManager.class:?]
	at net.minecraft.client.renderer.texture.TextureManager.loadTextureMap(TextureManager.java:58) [TextureManager.class:?]
	at net.minecraft.client.Minecraft.startGame(Minecraft.java:592) [Minecraft.class:?]
	at net.minecraft.client.Minecraft.run(Minecraft.java:941) [Minecraft.class:?]
	at net.minecraft.client.main.Main.main(Main.java:164) [Main.class:?]
	at sun.reflect.NativeMethodAccessorImpl.invoke0(Native Method) ~[?:1.7.0_60]
	at sun.reflect.NativeMethodAccessorImpl.invoke(NativeMethodAccessorImpl.java:57) ~[?:1.7.0_60]
	at sun.reflect.DelegatingMethodAccessorImpl.invoke(DelegatingMethodAccessorImpl.java:43) ~[?:1.7.0_60]
	at java.lang.reflect.Method.invoke(Method.java:606) ~[?:1.7.0_60]
	at net.minecraft.launchwrapper.Launch.launch(Launch.java:134) [launchwrapper-1.9.jar:?]
	at net.minecraft.launchwrapper.Launch.main(Launch.java:28) [launchwrapper-1.9.jar:?]
	at sun.reflect.NativeMethodAccessorImpl.invoke0(Native Method) ~[?:1.7.0_60]
	at sun.reflect.NativeMethodAccessorImpl.invoke(NativeMethodAccessorImpl.java:57) ~[?:1.7.0_60]
	at sun.reflect.DelegatingMethodAccessorImpl.invoke(DelegatingMethodAccessorImpl.java:43) ~[?:1.7.0_60]
	at java.lang.reflect.Method.invoke(Method.java:606) ~[?:1.7.0_60]
	at GradleStart.bounce(GradleStart.java:95) [start/:?]
	at GradleStart.startClient(GradleStart.java:88) [start/:?]
	at GradleStart.main(GradleStart.java:56) [start/:?]
	at sun.reflect.NativeMethodAccessorImpl.invoke0(Native Method) ~[?:1.7.0_60]
	at sun.reflect.NativeMethodAccessorImpl.invoke(NativeMethodAccessorImpl.java:57) ~[?:1.7.0_60]
	at sun.reflect.DelegatingMethodAccessorImpl.invoke(DelegatingMethodAccessorImpl.java:43) ~[?:1.7.0_60]
	at java.lang.reflect.Method.invoke(Method.java:606) ~[?:1.7.0_60]
	at com.intellij.rt.execution.application.AppMain.main(AppMain.java:134) [idea_rt.jar:?]
[09:54:27] [Client thread/ERROR]: Using missing texture, unable to load civilizationcraft:textures/blocks/oreuranium.png
java.io.FileNotFoundException: civilizationcraft:textures/blocks/oreuranium.png
	at net.minecraft.client.resources.FallbackResourceManager.getResource(FallbackResourceManager.java:65) ~[FallbackResourceManager.class:?]
	at net.minecraft.client.resources.SimpleReloadableResourceManager.getResource(SimpleReloadableResourceManager.java:67) ~[SimpleReloadableResourceManager.class:?]
	at net.minecraft.client.renderer.texture.TextureMap.loadTextureAtlas(TextureMap.java:126) [TextureMap.class:?]
	at net.minecraft.client.renderer.texture.TextureMap.loadTexture(TextureMap.java:91) [TextureMap.class:?]
	at net.minecraft.client.renderer.texture.TextureManager.loadTexture(TextureManager.java:89) [TextureManager.class:?]
	at net.minecraft.client.renderer.texture.TextureManager.loadTickableTexture(TextureManager.java:71) [TextureManager.class:?]
	at net.minecraft.client.renderer.texture.TextureManager.loadTextureMap(TextureManager.java:58) [TextureManager.class:?]
	at net.minecraft.client.Minecraft.startGame(Minecraft.java:592) [Minecraft.class:?]
	at net.minecraft.client.Minecraft.run(Minecraft.java:941) [Minecraft.class:?]
	at net.minecraft.client.main.Main.main(Main.java:164) [Main.class:?]
	at sun.reflect.NativeMethodAccessorImpl.invoke0(Native Method) ~[?:1.7.0_60]
	at sun.reflect.NativeMethodAccessorImpl.invoke(NativeMethodAccessorImpl.java:57) ~[?:1.7.0_60]
	at sun.reflect.DelegatingMethodAccessorImpl.invoke(DelegatingMethodAccessorImpl.java:43) ~[?:1.7.0_60]
	at java.lang.reflect.Method.invoke(Method.java:606) ~[?:1.7.0_60]
	at net.minecraft.launchwrapper.Launch.launch(Launch.java:134) [launchwrapper-1.9.jar:?]
	at net.minecraft.launchwrapper.Launch.main(Launch.java:28) [launchwrapper-1.9.jar:?]
	at sun.reflect.NativeMethodAccessorImpl.invoke0(Native Method) ~[?:1.7.0_60]
	at sun.reflect.NativeMethodAccessorImpl.invoke(NativeMethodAccessorImpl.java:57) ~[?:1.7.0_60]
	at sun.reflect.DelegatingMethodAccessorImpl.invoke(DelegatingMethodAccessorImpl.java:43) ~[?:1.7.0_60]
	at java.lang.reflect.Method.invoke(Method.java:606) ~[?:1.7.0_60]
	at GradleStart.bounce(GradleStart.java:95) [start/:?]
	at GradleStart.startClient(GradleStart.java:88) [start/:?]
	at GradleStart.main(GradleStart.java:56) [start/:?]
	at sun.reflect.NativeMethodAccessorImpl.invoke0(Native Method) ~[?:1.7.0_60]
	at sun.reflect.NativeMethodAccessorImpl.invoke(NativeMethodAccessorImpl.java:57) ~[?:1.7.0_60]
	at sun.reflect.DelegatingMethodAccessorImpl.invoke(DelegatingMethodAccessorImpl.java:43) ~[?:1.7.0_60]
	at java.lang.reflect.Method.invoke(Method.java:606) ~[?:1.7.0_60]
	at com.intellij.rt.execution.application.AppMain.main(AppMain.java:134) [idea_rt.jar:?]
[09:54:27] [Client thread/ERROR]: Using missing texture, unable to load civilizationcraft:textures/blocks/orealuminum.png
java.io.FileNotFoundException: civilizationcraft:textures/blocks/orealuminum.png
	at net.minecraft.client.resources.FallbackResourceManager.getResource(FallbackResourceManager.java:65) ~[FallbackResourceManager.class:?]
	at net.minecraft.client.resources.SimpleReloadableResourceManager.getResource(SimpleReloadableResourceManager.java:67) ~[SimpleReloadableResourceManager.class:?]
	at net.minecraft.client.renderer.texture.TextureMap.loadTextureAtlas(TextureMap.java:126) [TextureMap.class:?]
	at net.minecraft.client.renderer.texture.TextureMap.loadTexture(TextureMap.java:91) [TextureMap.class:?]
	at net.minecraft.client.renderer.texture.TextureManager.loadTexture(TextureManager.java:89) [TextureManager.class:?]
	at net.minecraft.client.renderer.texture.TextureManager.loadTickableTexture(TextureManager.java:71) [TextureManager.class:?]
	at net.minecraft.client.renderer.texture.TextureManager.loadTextureMap(TextureManager.java:58) [TextureManager.class:?]
	at net.minecraft.client.Minecraft.startGame(Minecraft.java:592) [Minecraft.class:?]
	at net.minecraft.client.Minecraft.run(Minecraft.java:941) [Minecraft.class:?]
	at net.minecraft.client.main.Main.main(Main.java:164) [Main.class:?]
	at sun.reflect.NativeMethodAccessorImpl.invoke0(Native Method) ~[?:1.7.0_60]
	at sun.reflect.NativeMethodAccessorImpl.invoke(NativeMethodAccessorImpl.java:57) ~[?:1.7.0_60]
	at sun.reflect.DelegatingMethodAccessorImpl.invoke(DelegatingMethodAccessorImpl.java:43) ~[?:1.7.0_60]
	at java.lang.reflect.Method.invoke(Method.java:606) ~[?:1.7.0_60]
	at net.minecraft.launchwrapper.Launch.launch(Launch.java:134) [launchwrapper-1.9.jar:?]
	at net.minecraft.launchwrapper.Launch.main(Launch.java:28) [launchwrapper-1.9.jar:?]
	at sun.reflect.NativeMethodAccessorImpl.invoke0(Native Method) ~[?:1.7.0_60]
	at sun.reflect.NativeMethodAccessorImpl.invoke(NativeMethodAccessorImpl.java:57) ~[?:1.7.0_60]
	at sun.reflect.DelegatingMethodAccessorImpl.invoke(DelegatingMethodAccessorImpl.java:43) ~[?:1.7.0_60]
	at java.lang.reflect.Method.invoke(Method.java:606) ~[?:1.7.0_60]
	at GradleStart.bounce(GradleStart.java:95) [start/:?]
	at GradleStart.startClient(GradleStart.java:88) [start/:?]
	at GradleStart.main(GradleStart.java:56) [start/:?]
	at sun.reflect.NativeMethodAccessorImpl.invoke0(Native Method) ~[?:1.7.0_60]
	at sun.reflect.NativeMethodAccessorImpl.invoke(NativeMethodAccessorImpl.java:57) ~[?:1.7.0_60]
	at sun.reflect.DelegatingMethodAccessorImpl.invoke(DelegatingMethodAccessorImpl.java:43) ~[?:1.7.0_60]
	at java.lang.reflect.Method.invoke(Method.java:606) ~[?:1.7.0_60]
	at com.intellij.rt.execution.application.AppMain.main(AppMain.java:134) [idea_rt.jar:?]
[09:54:27] [Client thread/ERROR]: Using missing texture, unable to load civilizationcraft:textures/blocks/oretitanium.png
java.io.FileNotFoundException: civilizationcraft:textures/blocks/oretitanium.png
	at net.minecraft.client.resources.FallbackResourceManager.getResource(FallbackResourceManager.java:65) ~[FallbackResourceManager.class:?]
	at net.minecraft.client.resources.SimpleReloadableResourceManager.getResource(SimpleReloadableResourceManager.java:67) ~[SimpleReloadableResourceManager.class:?]
	at net.minecraft.client.renderer.texture.TextureMap.loadTextureAtlas(TextureMap.java:126) [TextureMap.class:?]
	at net.minecraft.client.renderer.texture.TextureMap.loadTexture(TextureMap.java:91) [TextureMap.class:?]
	at net.minecraft.client.renderer.texture.TextureManager.loadTexture(TextureManager.java:89) [TextureManager.class:?]
	at net.minecraft.client.renderer.texture.TextureManager.loadTickableTexture(TextureManager.java:71) [TextureManager.class:?]
	at net.minecraft.client.renderer.texture.TextureManager.loadTextureMap(TextureManager.java:58) [TextureManager.class:?]
	at net.minecraft.client.Minecraft.startGame(Minecraft.java:592) [Minecraft.class:?]
	at net.minecraft.client.Minecraft.run(Minecraft.java:941) [Minecraft.class:?]
	at net.minecraft.client.main.Main.main(Main.java:164) [Main.class:?]
	at sun.reflect.NativeMethodAccessorImpl.invoke0(Native Method) ~[?:1.7.0_60]
	at sun.reflect.NativeMethodAccessorImpl.invoke(NativeMethodAccessorImpl.java:57) ~[?:1.7.0_60]
	at sun.reflect.DelegatingMethodAccessorImpl.invoke(DelegatingMethodAccessorImpl.java:43) ~[?:1.7.0_60]
	at java.lang.reflect.Method.invoke(Method.java:606) ~[?:1.7.0_60]
	at net.minecraft.launchwrapper.Launch.launch(Launch.java:134) [launchwrapper-1.9.jar:?]
	at net.minecraft.launchwrapper.Launch.main(Launch.java:28) [launchwrapper-1.9.jar:?]
	at sun.reflect.NativeMethodAccessorImpl.invoke0(Native Method) ~[?:1.7.0_60]
	at sun.reflect.NativeMethodAccessorImpl.invoke(NativeMethodAccessorImpl.java:57) ~[?:1.7.0_60]
	at sun.reflect.DelegatingMethodAccessorImpl.invoke(DelegatingMethodAccessorImpl.java:43) ~[?:1.7.0_60]
	at java.lang.reflect.Method.invoke(Method.java:606) ~[?:1.7.0_60]
	at GradleStart.bounce(GradleStart.java:95) [start/:?]
	at GradleStart.startClient(GradleStart.java:88) [start/:?]
	at GradleStart.main(GradleStart.java:56) [start/:?]
	at sun.reflect.NativeMethodAccessorImpl.invoke0(Native Method) ~[?:1.7.0_60]
	at sun.reflect.NativeMethodAccessorImpl.invoke(NativeMethodAccessorImpl.java:57) ~[?:1.7.0_60]
	at sun.reflect.DelegatingMethodAccessorImpl.invoke(DelegatingMethodAccessorImpl.java:43) ~[?:1.7.0_60]
	at java.lang.reflect.Method.invoke(Method.java:606) ~[?:1.7.0_60]
	at com.intellij.rt.execution.application.AppMain.main(AppMain.java:134) [idea_rt.jar:?]
[09:54:27] [Client thread/ERROR]: Using missing texture, unable to load civilizationcraft:textures/blocks/orecobalt.png
java.io.FileNotFoundException: civilizationcraft:textures/blocks/orecobalt.png
	at net.minecraft.client.resources.FallbackResourceManager.getResource(FallbackResourceManager.java:65) ~[FallbackResourceManager.class:?]
	at net.minecraft.client.resources.SimpleReloadableResourceManager.getResource(SimpleReloadableResourceManager.java:67) ~[SimpleReloadableResourceManager.class:?]
	at net.minecraft.client.renderer.texture.TextureMap.loadTextureAtlas(TextureMap.java:126) [TextureMap.class:?]
	at net.minecraft.client.renderer.texture.TextureMap.loadTexture(TextureMap.java:91) [TextureMap.class:?]
	at net.minecraft.client.renderer.texture.TextureManager.loadTexture(TextureManager.java:89) [TextureManager.class:?]
	at net.minecraft.client.renderer.texture.TextureManager.loadTickableTexture(TextureManager.java:71) [TextureManager.class:?]
	at net.minecraft.client.renderer.texture.TextureManager.loadTextureMap(TextureManager.java:58) [TextureManager.class:?]
	at net.minecraft.client.Minecraft.startGame(Minecraft.java:592) [Minecraft.class:?]
	at net.minecraft.client.Minecraft.run(Minecraft.java:941) [Minecraft.class:?]
	at net.minecraft.client.main.Main.main(Main.java:164) [Main.class:?]
	at sun.reflect.NativeMethodAccessorImpl.invoke0(Native Method) ~[?:1.7.0_60]
	at sun.reflect.NativeMethodAccessorImpl.invoke(NativeMethodAccessorImpl.java:57) ~[?:1.7.0_60]
	at sun.reflect.DelegatingMethodAccessorImpl.invoke(DelegatingMethodAccessorImpl.java:43) ~[?:1.7.0_60]
	at java.lang.reflect.Method.invoke(Method.java:606) ~[?:1.7.0_60]
	at net.minecraft.launchwrapper.Launch.launch(Launch.java:134) [launchwrapper-1.9.jar:?]
	at net.minecraft.launchwrapper.Launch.main(Launch.java:28) [launchwrapper-1.9.jar:?]
	at sun.reflect.NativeMethodAccessorImpl.invoke0(Native Method) ~[?:1.7.0_60]
	at sun.reflect.NativeMethodAccessorImpl.invoke(NativeMethodAccessorImpl.java:57) ~[?:1.7.0_60]
	at sun.reflect.DelegatingMethodAccessorImpl.invoke(DelegatingMethodAccessorImpl.java:43) ~[?:1.7.0_60]
	at java.lang.reflect.Method.invoke(Method.java:606) ~[?:1.7.0_60]
	at GradleStart.bounce(GradleStart.java:95) [start/:?]
	at GradleStart.startClient(GradleStart.java:88) [start/:?]
	at GradleStart.main(GradleStart.java:56) [start/:?]
	at sun.reflect.NativeMethodAccessorImpl.invoke0(Native Method) ~[?:1.7.0_60]
	at sun.reflect.NativeMethodAccessorImpl.invoke(NativeMethodAccessorImpl.java:57) ~[?:1.7.0_60]
	at sun.reflect.DelegatingMethodAccessorImpl.invoke(DelegatingMethodAccessorImpl.java:43) ~[?:1.7.0_60]
	at java.lang.reflect.Method.invoke(Method.java:606) ~[?:1.7.0_60]
	at com.intellij.rt.execution.application.AppMain.main(AppMain.java:134) [idea_rt.jar:?]
[09:54:27] [Client thread/ERROR]: Using missing texture, unable to load civilizationcraft:textures/blocks/oretungsten.png
java.io.FileNotFoundException: civilizationcraft:textures/blocks/oretungsten.png
	at net.minecraft.client.resources.FallbackResourceManager.getResource(FallbackResourceManager.java:65) ~[FallbackResourceManager.class:?]
	at net.minecraft.client.resources.SimpleReloadableResourceManager.getResource(SimpleReloadableResourceManager.java:67) ~[SimpleReloadableResourceManager.class:?]
	at net.minecraft.client.renderer.texture.TextureMap.loadTextureAtlas(TextureMap.java:126) [TextureMap.class:?]
	at net.minecraft.client.renderer.texture.TextureMap.loadTexture(TextureMap.java:91) [TextureMap.class:?]
	at net.minecraft.client.renderer.texture.TextureManager.loadTexture(TextureManager.java:89) [TextureManager.class:?]
	at net.minecraft.client.renderer.texture.TextureManager.loadTickableTexture(TextureManager.java:71) [TextureManager.class:?]
	at net.minecraft.client.renderer.texture.TextureManager.loadTextureMap(TextureManager.java:58) [TextureManager.class:?]
	at net.minecraft.client.Minecraft.startGame(Minecraft.java:592) [Minecraft.class:?]
	at net.minecraft.client.Minecraft.run(Minecraft.java:941) [Minecraft.class:?]
	at net.minecraft.client.main.Main.main(Main.java:164) [Main.class:?]
	at sun.reflect.NativeMethodAccessorImpl.invoke0(Native Method) ~[?:1.7.0_60]
	at sun.reflect.NativeMethodAccessorImpl.invoke(NativeMethodAccessorImpl.java:57) ~[?:1.7.0_60]
	at sun.reflect.DelegatingMethodAccessorImpl.invoke(DelegatingMethodAccessorImpl.java:43) ~[?:1.7.0_60]
	at java.lang.reflect.Method.invoke(Method.java:606) ~[?:1.7.0_60]
	at net.minecraft.launchwrapper.Launch.launch(Launch.java:134) [launchwrapper-1.9.jar:?]
	at net.minecraft.launchwrapper.Launch.main(Launch.java:28) [launchwrapper-1.9.jar:?]
	at sun.reflect.NativeMethodAccessorImpl.invoke0(Native Method) ~[?:1.7.0_60]
	at sun.reflect.NativeMethodAccessorImpl.invoke(NativeMethodAccessorImpl.java:57) ~[?:1.7.0_60]
	at sun.reflect.DelegatingMethodAccessorImpl.invoke(DelegatingMethodAccessorImpl.java:43) ~[?:1.7.0_60]
	at java.lang.reflect.Method.invoke(Method.java:606) ~[?:1.7.0_60]
	at GradleStart.bounce(GradleStart.java:95) [start/:?]
	at GradleStart.startClient(GradleStart.java:88) [start/:?]
	at GradleStart.main(GradleStart.java:56) [start/:?]
	at sun.reflect.NativeMethodAccessorImpl.invoke0(Native Method) ~[?:1.7.0_60]
	at sun.reflect.NativeMethodAccessorImpl.invoke(NativeMethodAccessorImpl.java:57) ~[?:1.7.0_60]
	at sun.reflect.DelegatingMethodAccessorImpl.invoke(DelegatingMethodAccessorImpl.java:43) ~[?:1.7.0_60]
	at java.lang.reflect.Method.invoke(Method.java:606) ~[?:1.7.0_60]
	at com.intellij.rt.execution.application.AppMain.main(AppMain.java:134) [idea_rt.jar:?]
[09:54:27] [Client thread/ERROR]: Using missing texture, unable to load civilizationcraft:textures/blocks/orecopper.png
java.io.FileNotFoundException: civilizationcraft:textures/blocks/orecopper.png
	at net.minecraft.client.resources.FallbackResourceManager.getResource(FallbackResourceManager.java:65) ~[FallbackResourceManager.class:?]
	at net.minecraft.client.resources.SimpleReloadableResourceManager.getResource(SimpleReloadableResourceManager.java:67) ~[SimpleReloadableResourceManager.class:?]
	at net.minecraft.client.renderer.texture.TextureMap.loadTextureAtlas(TextureMap.java:126) [TextureMap.class:?]
	at net.minecraft.client.renderer.texture.TextureMap.loadTexture(TextureMap.java:91) [TextureMap.class:?]
	at net.minecraft.client.renderer.texture.TextureManager.loadTexture(TextureManager.java:89) [TextureManager.class:?]
	at net.minecraft.client.renderer.texture.TextureManager.loadTickableTexture(TextureManager.java:71) [TextureManager.class:?]
	at net.minecraft.client.renderer.texture.TextureManager.loadTextureMap(TextureManager.java:58) [TextureManager.class:?]
	at net.minecraft.client.Minecraft.startGame(Minecraft.java:592) [Minecraft.class:?]
	at net.minecraft.client.Minecraft.run(Minecraft.java:941) [Minecraft.class:?]
	at net.minecraft.client.main.Main.main(Main.java:164) [Main.class:?]
	at sun.reflect.NativeMethodAccessorImpl.invoke0(Native Method) ~[?:1.7.0_60]
	at sun.reflect.NativeMethodAccessorImpl.invoke(NativeMethodAccessorImpl.java:57) ~[?:1.7.0_60]
	at sun.reflect.DelegatingMethodAccessorImpl.invoke(DelegatingMethodAccessorImpl.java:43) ~[?:1.7.0_60]
	at java.lang.reflect.Method.invoke(Method.java:606) ~[?:1.7.0_60]
	at net.minecraft.launchwrapper.Launch.launch(Launch.java:134) [launchwrapper-1.9.jar:?]
	at net.minecraft.launchwrapper.Launch.main(Launch.java:28) [launchwrapper-1.9.jar:?]
	at sun.reflect.NativeMethodAccessorImpl.invoke0(Native Method) ~[?:1.7.0_60]
	at sun.reflect.NativeMethodAccessorImpl.invoke(NativeMethodAccessorImpl.java:57) ~[?:1.7.0_60]
	at sun.reflect.DelegatingMethodAccessorImpl.invoke(DelegatingMethodAccessorImpl.java:43) ~[?:1.7.0_60]
	at java.lang.reflect.Method.invoke(Method.java:606) ~[?:1.7.0_60]
	at GradleStart.bounce(GradleStart.java:95) [start/:?]
	at GradleStart.startClient(GradleStart.java:88) [start/:?]
	at GradleStart.main(GradleStart.java:56) [start/:?]
	at sun.reflect.NativeMethodAccessorImpl.invoke0(Native Method) ~[?:1.7.0_60]
	at sun.reflect.NativeMethodAccessorImpl.invoke(NativeMethodAccessorImpl.java:57) ~[?:1.7.0_60]
	at sun.reflect.DelegatingMethodAccessorImpl.invoke(DelegatingMethodAccessorImpl.java:43) ~[?:1.7.0_60]
	at java.lang.reflect.Method.invoke(Method.java:606) ~[?:1.7.0_60]
	at com.intellij.rt.execution.application.AppMain.main(AppMain.java:134) [idea_rt.jar:?]
[09:54:27] [Client thread/INFO]: Created: 512x256 textures/blocks-atlas
[09:54:27] [Client thread/INFO]: Created: 256x256 textures/items-atlas
[09:54:27] [Client thread/INFO]: Reloading ResourceManager: Default, FMLFileResourcePack:Forge Mod Loader, FMLFileResourcePack:Minecraft Forge, FMLFileResourcePack:Civilizationcraft
[09:54:27] [Client thread/INFO]: Created: 256x256 textures/items-atlas
[09:54:27] [Client thread/ERROR]: Using missing texture, unable to load civilizationcraft:textures/blocks/orelithium.png
java.io.FileNotFoundException: civilizationcraft:textures/blocks/orelithium.png
	at net.minecraft.client.resources.FallbackResourceManager.getResource(FallbackResourceManager.java:65) ~[FallbackResourceManager.class:?]
	at net.minecraft.client.resources.SimpleReloadableResourceManager.getResource(SimpleReloadableResourceManager.java:67) ~[SimpleReloadableResourceManager.class:?]
	at net.minecraft.client.renderer.texture.TextureMap.loadTextureAtlas(TextureMap.java:126) [TextureMap.class:?]
	at net.minecraft.client.renderer.texture.TextureMap.loadTexture(TextureMap.java:91) [TextureMap.class:?]
	at net.minecraft.client.renderer.texture.TextureManager.loadTexture(TextureManager.java:89) [TextureManager.class:?]
	at net.minecraft.client.renderer.texture.TextureManager.onResourceManagerReload(TextureManager.java:170) [TextureManager.class:?]
	at net.minecraft.client.resources.SimpleReloadableResourceManager.notifyReloadListeners(SimpleReloadableResourceManager.java:134) [SimpleReloadableResourceManager.class:?]
	at net.minecraft.client.resources.SimpleReloadableResourceManager.reloadResources(SimpleReloadableResourceManager.java:118) [SimpleReloadableResourceManager.class:?]
	at net.minecraft.client.Minecraft.refreshResources(Minecraft.java:653) [Minecraft.class:?]
	at cpw.mods.fml.client.FMLClientHandler.finishMinecraftLoading(FMLClientHandler.java:303) [FMLClientHandler.class:?]
	at net.minecraft.client.Minecraft.startGame(Minecraft.java:596) [Minecraft.class:?]
	at net.minecraft.client.Minecraft.run(Minecraft.java:941) [Minecraft.class:?]
	at net.minecraft.client.main.Main.main(Main.java:164) [Main.class:?]
	at sun.reflect.NativeMethodAccessorImpl.invoke0(Native Method) ~[?:1.7.0_60]
	at sun.reflect.NativeMethodAccessorImpl.invoke(NativeMethodAccessorImpl.java:57) ~[?:1.7.0_60]
	at sun.reflect.DelegatingMethodAccessorImpl.invoke(DelegatingMethodAccessorImpl.java:43) ~[?:1.7.0_60]
	at java.lang.reflect.Method.invoke(Method.java:606) ~[?:1.7.0_60]
	at net.minecraft.launchwrapper.Launch.launch(Launch.java:134) [launchwrapper-1.9.jar:?]
	at net.minecraft.launchwrapper.Launch.main(Launch.java:28) [launchwrapper-1.9.jar:?]
	at sun.reflect.NativeMethodAccessorImpl.invoke0(Native Method) ~[?:1.7.0_60]
	at sun.reflect.NativeMethodAccessorImpl.invoke(NativeMethodAccessorImpl.java:57) ~[?:1.7.0_60]
	at sun.reflect.DelegatingMethodAccessorImpl.invoke(DelegatingMethodAccessorImpl.java:43) ~[?:1.7.0_60]
	at java.lang.reflect.Method.invoke(Method.java:606) ~[?:1.7.0_60]
	at GradleStart.bounce(GradleStart.java:95) [start/:?]
	at GradleStart.startClient(GradleStart.java:88) [start/:?]
	at GradleStart.main(GradleStart.java:56) [start/:?]
	at sun.reflect.NativeMethodAccessorImpl.invoke0(Native Method) ~[?:1.7.0_60]
	at sun.reflect.NativeMethodAccessorImpl.invoke(NativeMethodAccessorImpl.java:57) ~[?:1.7.0_60]
	at sun.reflect.DelegatingMethodAccessorImpl.invoke(DelegatingMethodAccessorImpl.java:43) ~[?:1.7.0_60]
	at java.lang.reflect.Method.invoke(Method.java:606) ~[?:1.7.0_60]
	at com.intellij.rt.execution.application.AppMain.main(AppMain.java:134) [idea_rt.jar:?]
[09:54:27] [Client thread/ERROR]: Using missing texture, unable to load civilizationcraft:textures/blocks/oremagnesium.png
java.io.FileNotFoundException: civilizationcraft:textures/blocks/oremagnesium.png
	at net.minecraft.client.resources.FallbackResourceManager.getResource(FallbackResourceManager.java:65) ~[FallbackResourceManager.class:?]
	at net.minecraft.client.resources.SimpleReloadableResourceManager.getResource(SimpleReloadableResourceManager.java:67) ~[SimpleReloadableResourceManager.class:?]
	at net.minecraft.client.renderer.texture.TextureMap.loadTextureAtlas(TextureMap.java:126) [TextureMap.class:?]
	at net.minecraft.client.renderer.texture.TextureMap.loadTexture(TextureMap.java:91) [TextureMap.class:?]
	at net.minecraft.client.renderer.texture.TextureManager.loadTexture(TextureManager.java:89) [TextureManager.class:?]
	at net.minecraft.client.renderer.texture.TextureManager.onResourceManagerReload(TextureManager.java:170) [TextureManager.class:?]
	at net.minecraft.client.resources.SimpleReloadableResourceManager.notifyReloadListeners(SimpleReloadableResourceManager.java:134) [SimpleReloadableResourceManager.class:?]
	at net.minecraft.client.resources.SimpleReloadableResourceManager.reloadResources(SimpleReloadableResourceManager.java:118) [SimpleReloadableResourceManager.class:?]
	at net.minecraft.client.Minecraft.refreshResources(Minecraft.java:653) [Minecraft.class:?]
	at cpw.mods.fml.client.FMLClientHandler.finishMinecraftLoading(FMLClientHandler.java:303) [FMLClientHandler.class:?]
	at net.minecraft.client.Minecraft.startGame(Minecraft.java:596) [Minecraft.class:?]
	at net.minecraft.client.Minecraft.run(Minecraft.java:941) [Minecraft.class:?]
	at net.minecraft.client.main.Main.main(Main.java:164) [Main.class:?]
	at sun.reflect.NativeMethodAccessorImpl.invoke0(Native Method) ~[?:1.7.0_60]
	at sun.reflect.NativeMethodAccessorImpl.invoke(NativeMethodAccessorImpl.java:57) ~[?:1.7.0_60]
	at sun.reflect.DelegatingMethodAccessorImpl.invoke(DelegatingMethodAccessorImpl.java:43) ~[?:1.7.0_60]
	at java.lang.reflect.Method.invoke(Method.java:606) ~[?:1.7.0_60]
	at net.minecraft.launchwrapper.Launch.launch(Launch.java:134) [launchwrapper-1.9.jar:?]
	at net.minecraft.launchwrapper.Launch.main(Launch.java:28) [launchwrapper-1.9.jar:?]
	at sun.reflect.NativeMethodAccessorImpl.invoke0(Native Method) ~[?:1.7.0_60]
	at sun.reflect.NativeMethodAccessorImpl.invoke(NativeMethodAccessorImpl.java:57) ~[?:1.7.0_60]
	at sun.reflect.DelegatingMethodAccessorImpl.invoke(DelegatingMethodAccessorImpl.java:43) ~[?:1.7.0_60]
	at java.lang.reflect.Method.invoke(Method.java:606) ~[?:1.7.0_60]
	at GradleStart.bounce(GradleStart.java:95) [start/:?]
	at GradleStart.startClient(GradleStart.java:88) [start/:?]
	at GradleStart.main(GradleStart.java:56) [start/:?]
	at sun.reflect.NativeMethodAccessorImpl.invoke0(Native Method) ~[?:1.7.0_60]
	at sun.reflect.NativeMethodAccessorImpl.invoke(NativeMethodAccessorImpl.java:57) ~[?:1.7.0_60]
	at sun.reflect.DelegatingMethodAccessorImpl.invoke(DelegatingMethodAccessorImpl.java:43) ~[?:1.7.0_60]
	at java.lang.reflect.Method.invoke(Method.java:606) ~[?:1.7.0_60]
	at com.intellij.rt.execution.application.AppMain.main(AppMain.java:134) [idea_rt.jar:?]
[09:54:27] [Client thread/ERROR]: Using missing texture, unable to load civilizationcraft:textures/blocks/orenickel.png
java.io.FileNotFoundException: civilizationcraft:textures/blocks/orenickel.png
	at net.minecraft.client.resources.FallbackResourceManager.getResource(FallbackResourceManager.java:65) ~[FallbackResourceManager.class:?]
	at net.minecraft.client.resources.SimpleReloadableResourceManager.getResource(SimpleReloadableResourceManager.java:67) ~[SimpleReloadableResourceManager.class:?]
	at net.minecraft.client.renderer.texture.TextureMap.loadTextureAtlas(TextureMap.java:126) [TextureMap.class:?]
	at net.minecraft.client.renderer.texture.TextureMap.loadTexture(TextureMap.java:91) [TextureMap.class:?]
	at net.minecraft.client.renderer.texture.TextureManager.loadTexture(TextureManager.java:89) [TextureManager.class:?]
	at net.minecraft.client.renderer.texture.TextureManager.onResourceManagerReload(TextureManager.java:170) [TextureManager.class:?]
	at net.minecraft.client.resources.SimpleReloadableResourceManager.notifyReloadListeners(SimpleReloadableResourceManager.java:134) [SimpleReloadableResourceManager.class:?]
	at net.minecraft.client.resources.SimpleReloadableResourceManager.reloadResources(SimpleReloadableResourceManager.java:118) [SimpleReloadableResourceManager.class:?]
	at net.minecraft.client.Minecraft.refreshResources(Minecraft.java:653) [Minecraft.class:?]
	at cpw.mods.fml.client.FMLClientHandler.finishMinecraftLoading(FMLClientHandler.java:303) [FMLClientHandler.class:?]
	at net.minecraft.client.Minecraft.startGame(Minecraft.java:596) [Minecraft.class:?]
	at net.minecraft.client.Minecraft.run(Minecraft.java:941) [Minecraft.class:?]
	at net.minecraft.client.main.Main.main(Main.java:164) [Main.class:?]
	at sun.reflect.NativeMethodAccessorImpl.invoke0(Native Method) ~[?:1.7.0_60]
	at sun.reflect.NativeMethodAccessorImpl.invoke(NativeMethodAccessorImpl.java:57) ~[?:1.7.0_60]
	at sun.reflect.DelegatingMethodAccessorImpl.invoke(DelegatingMethodAccessorImpl.java:43) ~[?:1.7.0_60]
	at java.lang.reflect.Method.invoke(Method.java:606) ~[?:1.7.0_60]
	at net.minecraft.launchwrapper.Launch.launch(Launch.java:134) [launchwrapper-1.9.jar:?]
	at net.minecraft.launchwrapper.Launch.main(Launch.java:28) [launchwrapper-1.9.jar:?]
	at sun.reflect.NativeMethodAccessorImpl.invoke0(Native Method) ~[?:1.7.0_60]
	at sun.reflect.NativeMethodAccessorImpl.invoke(NativeMethodAccessorImpl.java:57) ~[?:1.7.0_60]
	at sun.reflect.DelegatingMethodAccessorImpl.invoke(DelegatingMethodAccessorImpl.java:43) ~[?:1.7.0_60]
	at java.lang.reflect.Method.invoke(Method.java:606) ~[?:1.7.0_60]
	at GradleStart.bounce(GradleStart.java:95) [start/:?]
	at GradleStart.startClient(GradleStart.java:88) [start/:?]
	at GradleStart.main(GradleStart.java:56) [start/:?]
	at sun.reflect.NativeMethodAccessorImpl.invoke0(Native Method) ~[?:1.7.0_60]
	at sun.reflect.NativeMethodAccessorImpl.invoke(NativeMethodAccessorImpl.java:57) ~[?:1.7.0_60]
	at sun.reflect.DelegatingMethodAccessorImpl.invoke(DelegatingMethodAccessorImpl.java:43) ~[?:1.7.0_60]
	at java.lang.reflect.Method.invoke(Method.java:606) ~[?:1.7.0_60]
	at com.intellij.rt.execution.application.AppMain.main(AppMain.java:134) [idea_rt.jar:?]
[09:54:27] [Client thread/ERROR]: Using missing texture, unable to load civilizationcraft:textures/blocks/orechromium.png
java.io.FileNotFoundException: civilizationcraft:textures/blocks/orechromium.png
	at net.minecraft.client.resources.FallbackResourceManager.getResource(FallbackResourceManager.java:65) ~[FallbackResourceManager.class:?]
	at net.minecraft.client.resources.SimpleReloadableResourceManager.getResource(SimpleReloadableResourceManager.java:67) ~[SimpleReloadableResourceManager.class:?]
	at net.minecraft.client.renderer.texture.TextureMap.loadTextureAtlas(TextureMap.java:126) [TextureMap.class:?]
	at net.minecraft.client.renderer.texture.TextureMap.loadTexture(TextureMap.java:91) [TextureMap.class:?]
	at net.minecraft.client.renderer.texture.TextureManager.loadTexture(TextureManager.java:89) [TextureManager.class:?]
	at net.minecraft.client.renderer.texture.TextureManager.onResourceManagerReload(TextureManager.java:170) [TextureManager.class:?]
	at net.minecraft.client.resources.SimpleReloadableResourceManager.notifyReloadListeners(SimpleReloadableResourceManager.java:134) [SimpleReloadableResourceManager.class:?]
	at net.minecraft.client.resources.SimpleReloadableResourceManager.reloadResources(SimpleReloadableResourceManager.java:118) [SimpleReloadableResourceManager.class:?]
	at net.minecraft.client.Minecraft.refreshResources(Minecraft.java:653) [Minecraft.class:?]
	at cpw.mods.fml.client.FMLClientHandler.finishMinecraftLoading(FMLClientHandler.java:303) [FMLClientHandler.class:?]
	at net.minecraft.client.Minecraft.startGame(Minecraft.java:596) [Minecraft.class:?]
	at net.minecraft.client.Minecraft.run(Minecraft.java:941) [Minecraft.class:?]
	at net.minecraft.client.main.Main.main(Main.java:164) [Main.class:?]
	at sun.reflect.NativeMethodAccessorImpl.invoke0(Native Method) ~[?:1.7.0_60]
	at sun.reflect.NativeMethodAccessorImpl.invoke(NativeMethodAccessorImpl.java:57) ~[?:1.7.0_60]
	at sun.reflect.DelegatingMethodAccessorImpl.invoke(DelegatingMethodAccessorImpl.java:43) ~[?:1.7.0_60]
	at java.lang.reflect.Method.invoke(Method.java:606) ~[?:1.7.0_60]
	at net.minecraft.launchwrapper.Launch.launch(Launch.java:134) [launchwrapper-1.9.jar:?]
	at net.minecraft.launchwrapper.Launch.main(Launch.java:28) [launchwrapper-1.9.jar:?]
	at sun.reflect.NativeMethodAccessorImpl.invoke0(Native Method) ~[?:1.7.0_60]
	at sun.reflect.NativeMethodAccessorImpl.invoke(NativeMethodAccessorImpl.java:57) ~[?:1.7.0_60]
	at sun.reflect.DelegatingMethodAccessorImpl.invoke(DelegatingMethodAccessorImpl.java:43) ~[?:1.7.0_60]
	at java.lang.reflect.Method.invoke(Method.java:606) ~[?:1.7.0_60]
	at GradleStart.bounce(GradleStart.java:95) [start/:?]
	at GradleStart.startClient(GradleStart.java:88) [start/:?]
	at GradleStart.main(GradleStart.java:56) [start/:?]
	at sun.reflect.NativeMethodAccessorImpl.invoke0(Native Method) ~[?:1.7.0_60]
	at sun.reflect.NativeMethodAccessorImpl.invoke(NativeMethodAccessorImpl.java:57) ~[?:1.7.0_60]
	at sun.reflect.DelegatingMethodAccessorImpl.invoke(DelegatingMethodAccessorImpl.java:43) ~[?:1.7.0_60]
	at java.lang.reflect.Method.invoke(Method.java:606) ~[?:1.7.0_60]
	at com.intellij.rt.execution.application.AppMain.main(AppMain.java:134) [idea_rt.jar:?]
[09:54:27] [Client thread/ERROR]: Using missing texture, unable to load civilizationcraft:textures/blocks/oretin.png
java.io.FileNotFoundException: civilizationcraft:textures/blocks/oretin.png
	at net.minecraft.client.resources.FallbackResourceManager.getResource(FallbackResourceManager.java:65) ~[FallbackResourceManager.class:?]
	at net.minecraft.client.resources.SimpleReloadableResourceManager.getResource(SimpleReloadableResourceManager.java:67) ~[SimpleReloadableResourceManager.class:?]
	at net.minecraft.client.renderer.texture.TextureMap.loadTextureAtlas(TextureMap.java:126) [TextureMap.class:?]
	at net.minecraft.client.renderer.texture.TextureMap.loadTexture(TextureMap.java:91) [TextureMap.class:?]
	at net.minecraft.client.renderer.texture.TextureManager.loadTexture(TextureManager.java:89) [TextureManager.class:?]
	at net.minecraft.client.renderer.texture.TextureManager.onResourceManagerReload(TextureManager.java:170) [TextureManager.class:?]
	at net.minecraft.client.resources.SimpleReloadableResourceManager.notifyReloadListeners(SimpleReloadableResourceManager.java:134) [SimpleReloadableResourceManager.class:?]
	at net.minecraft.client.resources.SimpleReloadableResourceManager.reloadResources(SimpleReloadableResourceManager.java:118) [SimpleReloadableResourceManager.class:?]
	at net.minecraft.client.Minecraft.refreshResources(Minecraft.java:653) [Minecraft.class:?]
	at cpw.mods.fml.client.FMLClientHandler.finishMinecraftLoading(FMLClientHandler.java:303) [FMLClientHandler.class:?]
	at net.minecraft.client.Minecraft.startGame(Minecraft.java:596) [Minecraft.class:?]
	at net.minecraft.client.Minecraft.run(Minecraft.java:941) [Minecraft.class:?]
	at net.minecraft.client.main.Main.main(Main.java:164) [Main.class:?]
	at sun.reflect.NativeMethodAccessorImpl.invoke0(Native Method) ~[?:1.7.0_60]
	at sun.reflect.NativeMethodAccessorImpl.invoke(NativeMethodAccessorImpl.java:57) ~[?:1.7.0_60]
	at sun.reflect.DelegatingMethodAccessorImpl.invoke(DelegatingMethodAccessorImpl.java:43) ~[?:1.7.0_60]
	at java.lang.reflect.Method.invoke(Method.java:606) ~[?:1.7.0_60]
	at net.minecraft.launchwrapper.Launch.launch(Launch.java:134) [launchwrapper-1.9.jar:?]
	at net.minecraft.launchwrapper.Launch.main(Launch.java:28) [launchwrapper-1.9.jar:?]
	at sun.reflect.NativeMethodAccessorImpl.invoke0(Native Method) ~[?:1.7.0_60]
	at sun.reflect.NativeMethodAccessorImpl.invoke(NativeMethodAccessorImpl.java:57) ~[?:1.7.0_60]
	at sun.reflect.DelegatingMethodAccessorImpl.invoke(DelegatingMethodAccessorImpl.java:43) ~[?:1.7.0_60]
	at java.lang.reflect.Method.invoke(Method.java:606) ~[?:1.7.0_60]
	at GradleStart.bounce(GradleStart.java:95) [start/:?]
	at GradleStart.startClient(GradleStart.java:88) [start/:?]
	at GradleStart.main(GradleStart.java:56) [start/:?]
	at sun.reflect.NativeMethodAccessorImpl.invoke0(Native Method) ~[?:1.7.0_60]
	at sun.reflect.NativeMethodAccessorImpl.invoke(NativeMethodAccessorImpl.java:57) ~[?:1.7.0_60]
	at sun.reflect.DelegatingMethodAccessorImpl.invoke(DelegatingMethodAccessorImpl.java:43) ~[?:1.7.0_60]
	at java.lang.reflect.Method.invoke(Method.java:606) ~[?:1.7.0_60]
	at com.intellij.rt.execution.application.AppMain.main(AppMain.java:134) [idea_rt.jar:?]
[09:54:27] [Client thread/ERROR]: Using missing texture, unable to load civilizationcraft:textures/blocks/orecinnabar.png
java.io.FileNotFoundException: civilizationcraft:textures/blocks/orecinnabar.png
	at net.minecraft.client.resources.FallbackResourceManager.getResource(FallbackResourceManager.java:65) ~[FallbackResourceManager.class:?]
	at net.minecraft.client.resources.SimpleReloadableResourceManager.getResource(SimpleReloadableResourceManager.java:67) ~[SimpleReloadableResourceManager.class:?]
	at net.minecraft.client.renderer.texture.TextureMap.loadTextureAtlas(TextureMap.java:126) [TextureMap.class:?]
	at net.minecraft.client.renderer.texture.TextureMap.loadTexture(TextureMap.java:91) [TextureMap.class:?]
	at net.minecraft.client.renderer.texture.TextureManager.loadTexture(TextureManager.java:89) [TextureManager.class:?]
	at net.minecraft.client.renderer.texture.TextureManager.onResourceManagerReload(TextureManager.java:170) [TextureManager.class:?]
	at net.minecraft.client.resources.SimpleReloadableResourceManager.notifyReloadListeners(SimpleReloadableResourceManager.java:134) [SimpleReloadableResourceManager.class:?]
	at net.minecraft.client.resources.SimpleReloadableResourceManager.reloadResources(SimpleReloadableResourceManager.java:118) [SimpleReloadableResourceManager.class:?]
	at net.minecraft.client.Minecraft.refreshResources(Minecraft.java:653) [Minecraft.class:?]
	at cpw.mods.fml.client.FMLClientHandler.finishMinecraftLoading(FMLClientHandler.java:303) [FMLClientHandler.class:?]
	at net.minecraft.client.Minecraft.startGame(Minecraft.java:596) [Minecraft.class:?]
	at net.minecraft.client.Minecraft.run(Minecraft.java:941) [Minecraft.class:?]
	at net.minecraft.client.main.Main.main(Main.java:164) [Main.class:?]
	at sun.reflect.NativeMethodAccessorImpl.invoke0(Native Method) ~[?:1.7.0_60]
	at sun.reflect.NativeMethodAccessorImpl.invoke(NativeMethodAccessorImpl.java:57) ~[?:1.7.0_60]
	at sun.reflect.DelegatingMethodAccessorImpl.invoke(DelegatingMethodAccessorImpl.java:43) ~[?:1.7.0_60]
	at java.lang.reflect.Method.invoke(Method.java:606) ~[?:1.7.0_60]
	at net.minecraft.launchwrapper.Launch.launch(Launch.java:134) [launchwrapper-1.9.jar:?]
	at net.minecraft.launchwrapper.Launch.main(Launch.java:28) [launchwrapper-1.9.jar:?]
	at sun.reflect.NativeMethodAccessorImpl.invoke0(Native Method) ~[?:1.7.0_60]
	at sun.reflect.NativeMethodAccessorImpl.invoke(NativeMethodAccessorImpl.java:57) ~[?:1.7.0_60]
	at sun.reflect.DelegatingMethodAccessorImpl.invoke(DelegatingMethodAccessorImpl.java:43) ~[?:1.7.0_60]
	at java.lang.reflect.Method.invoke(Method.java:606) ~[?:1.7.0_60]
	at GradleStart.bounce(GradleStart.java:95) [start/:?]
	at GradleStart.startClient(GradleStart.java:88) [start/:?]
	at GradleStart.main(GradleStart.java:56) [start/:?]
	at sun.reflect.NativeMethodAccessorImpl.invoke0(Native Method) ~[?:1.7.0_60]
	at sun.reflect.NativeMethodAccessorImpl.invoke(NativeMethodAccessorImpl.java:57) ~[?:1.7.0_60]
	at sun.reflect.DelegatingMethodAccessorImpl.invoke(DelegatingMethodAccessorImpl.java:43) ~[?:1.7.0_60]
	at java.lang.reflect.Method.invoke(Method.java:606) ~[?:1.7.0_60]
	at com.intellij.rt.execution.application.AppMain.main(AppMain.java:134) [idea_rt.jar:?]
[09:54:27] [Client thread/ERROR]: Using missing texture, unable to load civilizationcraft:textures/blocks/orethorium.png
java.io.FileNotFoundException: civilizationcraft:textures/blocks/orethorium.png
	at net.minecraft.client.resources.FallbackResourceManager.getResource(FallbackResourceManager.java:65) ~[FallbackResourceManager.class:?]
	at net.minecraft.client.resources.SimpleReloadableResourceManager.getResource(SimpleReloadableResourceManager.java:67) ~[SimpleReloadableResourceManager.class:?]
	at net.minecraft.client.renderer.texture.TextureMap.loadTextureAtlas(TextureMap.java:126) [TextureMap.class:?]
	at net.minecraft.client.renderer.texture.TextureMap.loadTexture(TextureMap.java:91) [TextureMap.class:?]
	at net.minecraft.client.renderer.texture.TextureManager.loadTexture(TextureManager.java:89) [TextureManager.class:?]
	at net.minecraft.client.renderer.texture.TextureManager.onResourceManagerReload(TextureManager.java:170) [TextureManager.class:?]
	at net.minecraft.client.resources.SimpleReloadableResourceManager.notifyReloadListeners(SimpleReloadableResourceManager.java:134) [SimpleReloadableResourceManager.class:?]
	at net.minecraft.client.resources.SimpleReloadableResourceManager.reloadResources(SimpleReloadableResourceManager.java:118) [SimpleReloadableResourceManager.class:?]
	at net.minecraft.client.Minecraft.refreshResources(Minecraft.java:653) [Minecraft.class:?]
	at cpw.mods.fml.client.FMLClientHandler.finishMinecraftLoading(FMLClientHandler.java:303) [FMLClientHandler.class:?]
	at net.minecraft.client.Minecraft.startGame(Minecraft.java:596) [Minecraft.class:?]
	at net.minecraft.client.Minecraft.run(Minecraft.java:941) [Minecraft.class:?]
	at net.minecraft.client.main.Main.main(Main.java:164) [Main.class:?]
	at sun.reflect.NativeMethodAccessorImpl.invoke0(Native Method) ~[?:1.7.0_60]
	at sun.reflect.NativeMethodAccessorImpl.invoke(NativeMethodAccessorImpl.java:57) ~[?:1.7.0_60]
	at sun.reflect.DelegatingMethodAccessorImpl.invoke(DelegatingMethodAccessorImpl.java:43) ~[?:1.7.0_60]
	at java.lang.reflect.Method.invoke(Method.java:606) ~[?:1.7.0_60]
	at net.minecraft.launchwrapper.Launch.launch(Launch.java:134) [launchwrapper-1.9.jar:?]
	at net.minecraft.launchwrapper.Launch.main(Launch.java:28) [launchwrapper-1.9.jar:?]
	at sun.reflect.NativeMethodAccessorImpl.invoke0(Native Method) ~[?:1.7.0_60]
	at sun.reflect.NativeMethodAccessorImpl.invoke(NativeMethodAccessorImpl.java:57) ~[?:1.7.0_60]
	at sun.reflect.DelegatingMethodAccessorImpl.invoke(DelegatingMethodAccessorImpl.java:43) ~[?:1.7.0_60]
	at java.lang.reflect.Method.invoke(Method.java:606) ~[?:1.7.0_60]
	at GradleStart.bounce(GradleStart.java:95) [start/:?]
	at GradleStart.startClient(GradleStart.java:88) [start/:?]
	at GradleStart.main(GradleStart.java:56) [start/:?]
	at sun.reflect.NativeMethodAccessorImpl.invoke0(Native Method) ~[?:1.7.0_60]
	at sun.reflect.NativeMethodAccessorImpl.invoke(NativeMethodAccessorImpl.java:57) ~[?:1.7.0_60]
	at sun.reflect.DelegatingMethodAccessorImpl.invoke(DelegatingMethodAccessorImpl.java:43) ~[?:1.7.0_60]
	at java.lang.reflect.Method.invoke(Method.java:606) ~[?:1.7.0_60]
	at com.intellij.rt.execution.application.AppMain.main(AppMain.java:134) [idea_rt.jar:?]
[09:54:27] [Client thread/ERROR]: Using missing texture, unable to load civilizationcraft:textures/blocks/oresilver.png
java.io.FileNotFoundException: civilizationcraft:textures/blocks/oresilver.png
	at net.minecraft.client.resources.FallbackResourceManager.getResource(FallbackResourceManager.java:65) ~[FallbackResourceManager.class:?]
	at net.minecraft.client.resources.SimpleReloadableResourceManager.getResource(SimpleReloadableResourceManager.java:67) ~[SimpleReloadableResourceManager.class:?]
	at net.minecraft.client.renderer.texture.TextureMap.loadTextureAtlas(TextureMap.java:126) [TextureMap.class:?]
	at net.minecraft.client.renderer.texture.TextureMap.loadTexture(TextureMap.java:91) [TextureMap.class:?]
	at net.minecraft.client.renderer.texture.TextureManager.loadTexture(TextureManager.java:89) [TextureManager.class:?]
	at net.minecraft.client.renderer.texture.TextureManager.onResourceManagerReload(TextureManager.java:170) [TextureManager.class:?]
	at net.minecraft.client.resources.SimpleReloadableResourceManager.notifyReloadListeners(SimpleReloadableResourceManager.java:134) [SimpleReloadableResourceManager.class:?]
	at net.minecraft.client.resources.SimpleReloadableResourceManager.reloadResources(SimpleReloadableResourceManager.java:118) [SimpleReloadableResourceManager.class:?]
	at net.minecraft.client.Minecraft.refreshResources(Minecraft.java:653) [Minecraft.class:?]
	at cpw.mods.fml.client.FMLClientHandler.finishMinecraftLoading(FMLClientHandler.java:303) [FMLClientHandler.class:?]
	at net.minecraft.client.Minecraft.startGame(Minecraft.java:596) [Minecraft.class:?]
	at net.minecraft.client.Minecraft.run(Minecraft.java:941) [Minecraft.class:?]
	at net.minecraft.client.main.Main.main(Main.java:164) [Main.class:?]
	at sun.reflect.NativeMethodAccessorImpl.invoke0(Native Method) ~[?:1.7.0_60]
	at sun.reflect.NativeMethodAccessorImpl.invoke(NativeMethodAccessorImpl.java:57) ~[?:1.7.0_60]
	at sun.reflect.DelegatingMethodAccessorImpl.invoke(DelegatingMethodAccessorImpl.java:43) ~[?:1.7.0_60]
	at java.lang.reflect.Method.invoke(Method.java:606) ~[?:1.7.0_60]
	at net.minecraft.launchwrapper.Launch.launch(Launch.java:134) [launchwrapper-1.9.jar:?]
	at net.minecraft.launchwrapper.Launch.main(Launch.java:28) [launchwrapper-1.9.jar:?]
	at sun.reflect.NativeMethodAccessorImpl.invoke0(Native Method) ~[?:1.7.0_60]
	at sun.reflect.NativeMethodAccessorImpl.invoke(NativeMethodAccessorImpl.java:57) ~[?:1.7.0_60]
	at sun.reflect.DelegatingMethodAccessorImpl.invoke(DelegatingMethodAccessorImpl.java:43) ~[?:1.7.0_60]
	at java.lang.reflect.Method.invoke(Method.java:606) ~[?:1.7.0_60]
	at GradleStart.bounce(GradleStart.java:95) [start/:?]
	at GradleStart.startClient(GradleStart.java:88) [start/:?]
	at GradleStart.main(GradleStart.java:56) [start/:?]
	at sun.reflect.NativeMethodAccessorImpl.invoke0(Native Method) ~[?:1.7.0_60]
	at sun.reflect.NativeMethodAccessorImpl.invoke(NativeMethodAccessorImpl.java:57) ~[?:1.7.0_60]
	at sun.reflect.DelegatingMethodAccessorImpl.invoke(DelegatingMethodAccessorImpl.java:43) ~[?:1.7.0_60]
	at java.lang.reflect.Method.invoke(Method.java:606) ~[?:1.7.0_60]
	at com.intellij.rt.execution.application.AppMain.main(AppMain.java:134) [idea_rt.jar:?]
[09:54:27] [Client thread/ERROR]: Using missing texture, unable to load civilizationcraft:textures/blocks/oremithril.png
java.io.FileNotFoundException: civilizationcraft:textures/blocks/oremithril.png
	at net.minecraft.client.resources.FallbackResourceManager.getResource(FallbackResourceManager.java:65) ~[FallbackResourceManager.class:?]
	at net.minecraft.client.resources.SimpleReloadableResourceManager.getResource(SimpleReloadableResourceManager.java:67) ~[SimpleReloadableResourceManager.class:?]
	at net.minecraft.client.renderer.texture.TextureMap.loadTextureAtlas(TextureMap.java:126) [TextureMap.class:?]
	at net.minecraft.client.renderer.texture.TextureMap.loadTexture(TextureMap.java:91) [TextureMap.class:?]
	at net.minecraft.client.renderer.texture.TextureManager.loadTexture(TextureManager.java:89) [TextureManager.class:?]
	at net.minecraft.client.renderer.texture.TextureManager.onResourceManagerReload(TextureManager.java:170) [TextureManager.class:?]
	at net.minecraft.client.resources.SimpleReloadableResourceManager.notifyReloadListeners(SimpleReloadableResourceManager.java:134) [SimpleReloadableResourceManager.class:?]
	at net.minecraft.client.resources.SimpleReloadableResourceManager.reloadResources(SimpleReloadableResourceManager.java:118) [SimpleReloadableResourceManager.class:?]
	at net.minecraft.client.Minecraft.refreshResources(Minecraft.java:653) [Minecraft.class:?]
	at cpw.mods.fml.client.FMLClientHandler.finishMinecraftLoading(FMLClientHandler.java:303) [FMLClientHandler.class:?]
	at net.minecraft.client.Minecraft.startGame(Minecraft.java:596) [Minecraft.class:?]
	at net.minecraft.client.Minecraft.run(Minecraft.java:941) [Minecraft.class:?]
	at net.minecraft.client.main.Main.main(Main.java:164) [Main.class:?]
	at sun.reflect.NativeMethodAccessorImpl.invoke0(Native Method) ~[?:1.7.0_60]
	at sun.reflect.NativeMethodAccessorImpl.invoke(NativeMethodAccessorImpl.java:57) ~[?:1.7.0_60]
	at sun.reflect.DelegatingMethodAccessorImpl.invoke(DelegatingMethodAccessorImpl.java:43) ~[?:1.7.0_60]
	at java.lang.reflect.Method.invoke(Method.java:606) ~[?:1.7.0_60]
	at net.minecraft.launchwrapper.Launch.launch(Launch.java:134) [launchwrapper-1.9.jar:?]
	at net.minecraft.launchwrapper.Launch.main(Launch.java:28) [launchwrapper-1.9.jar:?]
	at sun.reflect.NativeMethodAccessorImpl.invoke0(Native Method) ~[?:1.7.0_60]
	at sun.reflect.NativeMethodAccessorImpl.invoke(NativeMethodAccessorImpl.java:57) ~[?:1.7.0_60]
	at sun.reflect.DelegatingMethodAccessorImpl.invoke(DelegatingMethodAccessorImpl.java:43) ~[?:1.7.0_60]
	at java.lang.reflect.Method.invoke(Method.java:606) ~[?:1.7.0_60]
	at GradleStart.bounce(GradleStart.java:95) [start/:?]
	at GradleStart.startClient(GradleStart.java:88) [start/:?]
	at GradleStart.main(GradleStart.java:56) [start/:?]
	at sun.reflect.NativeMethodAccessorImpl.invoke0(Native Method) ~[?:1.7.0_60]
	at sun.reflect.NativeMethodAccessorImpl.invoke(NativeMethodAccessorImpl.java:57) ~[?:1.7.0_60]
	at sun.reflect.DelegatingMethodAccessorImpl.invoke(DelegatingMethodAccessorImpl.java:43) ~[?:1.7.0_60]
	at java.lang.reflect.Method.invoke(Method.java:606) ~[?:1.7.0_60]
	at com.intellij.rt.execution.application.AppMain.main(AppMain.java:134) [idea_rt.jar:?]
[09:54:27] [Client thread/ERROR]: Using missing texture, unable to load civilizationcraft:textures/blocks/orezinc.png
java.io.FileNotFoundException: civilizationcraft:textures/blocks/orezinc.png
	at net.minecraft.client.resources.FallbackResourceManager.getResource(FallbackResourceManager.java:65) ~[FallbackResourceManager.class:?]
	at net.minecraft.client.resources.SimpleReloadableResourceManager.getResource(SimpleReloadableResourceManager.java:67) ~[SimpleReloadableResourceManager.class:?]
	at net.minecraft.client.renderer.texture.TextureMap.loadTextureAtlas(TextureMap.java:126) [TextureMap.class:?]
	at net.minecraft.client.renderer.texture.TextureMap.loadTexture(TextureMap.java:91) [TextureMap.class:?]
	at net.minecraft.client.renderer.texture.TextureManager.loadTexture(TextureManager.java:89) [TextureManager.class:?]
	at net.minecraft.client.renderer.texture.TextureManager.onResourceManagerReload(TextureManager.java:170) [TextureManager.class:?]
	at net.minecraft.client.resources.SimpleReloadableResourceManager.notifyReloadListeners(SimpleReloadableResourceManager.java:134) [SimpleReloadableResourceManager.class:?]
	at net.minecraft.client.resources.SimpleReloadableResourceManager.reloadResources(SimpleReloadableResourceManager.java:118) [SimpleReloadableResourceManager.class:?]
	at net.minecraft.client.Minecraft.refreshResources(Minecraft.java:653) [Minecraft.class:?]
	at cpw.mods.fml.client.FMLClientHandler.finishMinecraftLoading(FMLClientHandler.java:303) [FMLClientHandler.class:?]
	at net.minecraft.client.Minecraft.startGame(Minecraft.java:596) [Minecraft.class:?]
	at net.minecraft.client.Minecraft.run(Minecraft.java:941) [Minecraft.class:?]
	at net.minecraft.client.main.Main.main(Main.java:164) [Main.class:?]
	at sun.reflect.NativeMethodAccessorImpl.invoke0(Native Method) ~[?:1.7.0_60]
	at sun.reflect.NativeMethodAccessorImpl.invoke(NativeMethodAccessorImpl.java:57) ~[?:1.7.0_60]
	at sun.reflect.DelegatingMethodAccessorImpl.invoke(DelegatingMethodAccessorImpl.java:43) ~[?:1.7.0_60]
	at java.lang.reflect.Method.invoke(Method.java:606) ~[?:1.7.0_60]
	at net.minecraft.launchwrapper.Launch.launch(Launch.java:134) [launchwrapper-1.9.jar:?]
	at net.minecraft.launchwrapper.Launch.main(Launch.java:28) [launchwrapper-1.9.jar:?]
	at sun.reflect.NativeMethodAccessorImpl.invoke0(Native Method) ~[?:1.7.0_60]
	at sun.reflect.NativeMethodAccessorImpl.invoke(NativeMethodAccessorImpl.java:57) ~[?:1.7.0_60]
	at sun.reflect.DelegatingMethodAccessorImpl.invoke(DelegatingMethodAccessorImpl.java:43) ~[?:1.7.0_60]
	at java.lang.reflect.Method.invoke(Method.java:606) ~[?:1.7.0_60]
	at GradleStart.bounce(GradleStart.java:95) [start/:?]
	at GradleStart.startClient(GradleStart.java:88) [start/:?]
	at GradleStart.main(GradleStart.java:56) [start/:?]
	at sun.reflect.NativeMethodAccessorImpl.invoke0(Native Method) ~[?:1.7.0_60]
	at sun.reflect.NativeMethodAccessorImpl.invoke(NativeMethodAccessorImpl.java:57) ~[?:1.7.0_60]
	at sun.reflect.DelegatingMethodAccessorImpl.invoke(DelegatingMethodAccessorImpl.java:43) ~[?:1.7.0_60]
	at java.lang.reflect.Method.invoke(Method.java:606) ~[?:1.7.0_60]
	at com.intellij.rt.execution.application.AppMain.main(AppMain.java:134) [idea_rt.jar:?]
[09:54:27] [Client thread/ERROR]: Using missing texture, unable to load civilizationcraft:textures/blocks/oreuranium.png
java.io.FileNotFoundException: civilizationcraft:textures/blocks/oreuranium.png
	at net.minecraft.client.resources.FallbackResourceManager.getResource(FallbackResourceManager.java:65) ~[FallbackResourceManager.class:?]
	at net.minecraft.client.resources.SimpleReloadableResourceManager.getResource(SimpleReloadableResourceManager.java:67) ~[SimpleReloadableResourceManager.class:?]
	at net.minecraft.client.renderer.texture.TextureMap.loadTextureAtlas(TextureMap.java:126) [TextureMap.class:?]
	at net.minecraft.client.renderer.texture.TextureMap.loadTexture(TextureMap.java:91) [TextureMap.class:?]
	at net.minecraft.client.renderer.texture.TextureManager.loadTexture(TextureManager.java:89) [TextureManager.class:?]
	at net.minecraft.client.renderer.texture.TextureManager.onResourceManagerReload(TextureManager.java:170) [TextureManager.class:?]
	at net.minecraft.client.resources.SimpleReloadableResourceManager.notifyReloadListeners(SimpleReloadableResourceManager.java:134) [SimpleReloadableResourceManager.class:?]
	at net.minecraft.client.resources.SimpleReloadableResourceManager.reloadResources(SimpleReloadableResourceManager.java:118) [SimpleReloadableResourceManager.class:?]
	at net.minecraft.client.Minecraft.refreshResources(Minecraft.java:653) [Minecraft.class:?]
	at cpw.mods.fml.client.FMLClientHandler.finishMinecraftLoading(FMLClientHandler.java:303) [FMLClientHandler.class:?]
	at net.minecraft.client.Minecraft.startGame(Minecraft.java:596) [Minecraft.class:?]
	at net.minecraft.client.Minecraft.run(Minecraft.java:941) [Minecraft.class:?]
	at net.minecraft.client.main.Main.main(Main.java:164) [Main.class:?]
	at sun.reflect.NativeMethodAccessorImpl.invoke0(Native Method) ~[?:1.7.0_60]
	at sun.reflect.NativeMethodAccessorImpl.invoke(NativeMethodAccessorImpl.java:57) ~[?:1.7.0_60]
	at sun.reflect.DelegatingMethodAccessorImpl.invoke(DelegatingMethodAccessorImpl.java:43) ~[?:1.7.0_60]
	at java.lang.reflect.Method.invoke(Method.java:606) ~[?:1.7.0_60]
	at net.minecraft.launchwrapper.Launch.launch(Launch.java:134) [launchwrapper-1.9.jar:?]
	at net.minecraft.launchwrapper.Launch.main(Launch.java:28) [launchwrapper-1.9.jar:?]
	at sun.reflect.NativeMethodAccessorImpl.invoke0(Native Method) ~[?:1.7.0_60]
	at sun.reflect.NativeMethodAccessorImpl.invoke(NativeMethodAccessorImpl.java:57) ~[?:1.7.0_60]
	at sun.reflect.DelegatingMethodAccessorImpl.invoke(DelegatingMethodAccessorImpl.java:43) ~[?:1.7.0_60]
	at java.lang.reflect.Method.invoke(Method.java:606) ~[?:1.7.0_60]
	at GradleStart.bounce(GradleStart.java:95) [start/:?]
	at GradleStart.startClient(GradleStart.java:88) [start/:?]
	at GradleStart.main(GradleStart.java:56) [start/:?]
	at sun.reflect.NativeMethodAccessorImpl.invoke0(Native Method) ~[?:1.7.0_60]
	at sun.reflect.NativeMethodAccessorImpl.invoke(NativeMethodAccessorImpl.java:57) ~[?:1.7.0_60]
	at sun.reflect.DelegatingMethodAccessorImpl.invoke(DelegatingMethodAccessorImpl.java:43) ~[?:1.7.0_60]
	at java.lang.reflect.Method.invoke(Method.java:606) ~[?:1.7.0_60]
	at com.intellij.rt.execution.application.AppMain.main(AppMain.java:134) [idea_rt.jar:?]
[09:54:27] [Client thread/ERROR]: Using missing texture, unable to load civilizationcraft:textures/blocks/orealuminum.png
java.io.FileNotFoundException: civilizationcraft:textures/blocks/orealuminum.png
	at net.minecraft.client.resources.FallbackResourceManager.getResource(FallbackResourceManager.java:65) ~[FallbackResourceManager.class:?]
	at net.minecraft.client.resources.SimpleReloadableResourceManager.getResource(SimpleReloadableResourceManager.java:67) ~[SimpleReloadableResourceManager.class:?]
	at net.minecraft.client.renderer.texture.TextureMap.loadTextureAtlas(TextureMap.java:126) [TextureMap.class:?]
	at net.minecraft.client.renderer.texture.TextureMap.loadTexture(TextureMap.java:91) [TextureMap.class:?]
	at net.minecraft.client.renderer.texture.TextureManager.loadTexture(TextureManager.java:89) [TextureManager.class:?]
	at net.minecraft.client.renderer.texture.TextureManager.onResourceManagerReload(TextureManager.java:170) [TextureManager.class:?]
	at net.minecraft.client.resources.SimpleReloadableResourceManager.notifyReloadListeners(SimpleReloadableResourceManager.java:134) [SimpleReloadableResourceManager.class:?]
	at net.minecraft.client.resources.SimpleReloadableResourceManager.reloadResources(SimpleReloadableResourceManager.java:118) [SimpleReloadableResourceManager.class:?]
	at net.minecraft.client.Minecraft.refreshResources(Minecraft.java:653) [Minecraft.class:?]
	at cpw.mods.fml.client.FMLClientHandler.finishMinecraftLoading(FMLClientHandler.java:303) [FMLClientHandler.class:?]
	at net.minecraft.client.Minecraft.startGame(Minecraft.java:596) [Minecraft.class:?]
	at net.minecraft.client.Minecraft.run(Minecraft.java:941) [Minecraft.class:?]
	at net.minecraft.client.main.Main.main(Main.java:164) [Main.class:?]
	at sun.reflect.NativeMethodAccessorImpl.invoke0(Native Method) ~[?:1.7.0_60]
	at sun.reflect.NativeMethodAccessorImpl.invoke(NativeMethodAccessorImpl.java:57) ~[?:1.7.0_60]
	at sun.reflect.DelegatingMethodAccessorImpl.invoke(DelegatingMethodAccessorImpl.java:43) ~[?:1.7.0_60]
	at java.lang.reflect.Method.invoke(Method.java:606) ~[?:1.7.0_60]
	at net.minecraft.launchwrapper.Launch.launch(Launch.java:134) [launchwrapper-1.9.jar:?]
	at net.minecraft.launchwrapper.Launch.main(Launch.java:28) [launchwrapper-1.9.jar:?]
	at sun.reflect.NativeMethodAccessorImpl.invoke0(Native Method) ~[?:1.7.0_60]
	at sun.reflect.NativeMethodAccessorImpl.invoke(NativeMethodAccessorImpl.java:57) ~[?:1.7.0_60]
	at sun.reflect.DelegatingMethodAccessorImpl.invoke(DelegatingMethodAccessorImpl.java:43) ~[?:1.7.0_60]
	at java.lang.reflect.Method.invoke(Method.java:606) ~[?:1.7.0_60]
	at GradleStart.bounce(GradleStart.java:95) [start/:?]
	at GradleStart.startClient(GradleStart.java:88) [start/:?]
	at GradleStart.main(GradleStart.java:56) [start/:?]
	at sun.reflect.NativeMethodAccessorImpl.invoke0(Native Method) ~[?:1.7.0_60]
	at sun.reflect.NativeMethodAccessorImpl.invoke(NativeMethodAccessorImpl.java:57) ~[?:1.7.0_60]
	at sun.reflect.DelegatingMethodAccessorImpl.invoke(DelegatingMethodAccessorImpl.java:43) ~[?:1.7.0_60]
	at java.lang.reflect.Method.invoke(Method.java:606) ~[?:1.7.0_60]
	at com.intellij.rt.execution.application.AppMain.main(AppMain.java:134) [idea_rt.jar:?]
[09:54:27] [Client thread/ERROR]: Using missing texture, unable to load civilizationcraft:textures/blocks/oretitanium.png
java.io.FileNotFoundException: civilizationcraft:textures/blocks/oretitanium.png
	at net.minecraft.client.resources.FallbackResourceManager.getResource(FallbackResourceManager.java:65) ~[FallbackResourceManager.class:?]
	at net.minecraft.client.resources.SimpleReloadableResourceManager.getResource(SimpleReloadableResourceManager.java:67) ~[SimpleReloadableResourceManager.class:?]
	at net.minecraft.client.renderer.texture.TextureMap.loadTextureAtlas(TextureMap.java:126) [TextureMap.class:?]
	at net.minecraft.client.renderer.texture.TextureMap.loadTexture(TextureMap.java:91) [TextureMap.class:?]
	at net.minecraft.client.renderer.texture.TextureManager.loadTexture(TextureManager.java:89) [TextureManager.class:?]
	at net.minecraft.client.renderer.texture.TextureManager.onResourceManagerReload(TextureManager.java:170) [TextureManager.class:?]
	at net.minecraft.client.resources.SimpleReloadableResourceManager.notifyReloadListeners(SimpleReloadableResourceManager.java:134) [SimpleReloadableResourceManager.class:?]
	at net.minecraft.client.resources.SimpleReloadableResourceManager.reloadResources(SimpleReloadableResourceManager.java:118) [SimpleReloadableResourceManager.class:?]
	at net.minecraft.client.Minecraft.refreshResources(Minecraft.java:653) [Minecraft.class:?]
	at cpw.mods.fml.client.FMLClientHandler.finishMinecraftLoading(FMLClientHandler.java:303) [FMLClientHandler.class:?]
	at net.minecraft.client.Minecraft.startGame(Minecraft.java:596) [Minecraft.class:?]
	at net.minecraft.client.Minecraft.run(Minecraft.java:941) [Minecraft.class:?]
	at net.minecraft.client.main.Main.main(Main.java:164) [Main.class:?]
	at sun.reflect.NativeMethodAccessorImpl.invoke0(Native Method) ~[?:1.7.0_60]
	at sun.reflect.NativeMethodAccessorImpl.invoke(NativeMethodAccessorImpl.java:57) ~[?:1.7.0_60]
	at sun.reflect.DelegatingMethodAccessorImpl.invoke(DelegatingMethodAccessorImpl.java:43) ~[?:1.7.0_60]
	at java.lang.reflect.Method.invoke(Method.java:606) ~[?:1.7.0_60]
	at net.minecraft.launchwrapper.Launch.launch(Launch.java:134) [launchwrapper-1.9.jar:?]
	at net.minecraft.launchwrapper.Launch.main(Launch.java:28) [launchwrapper-1.9.jar:?]
	at sun.reflect.NativeMethodAccessorImpl.invoke0(Native Method) ~[?:1.7.0_60]
	at sun.reflect.NativeMethodAccessorImpl.invoke(NativeMethodAccessorImpl.java:57) ~[?:1.7.0_60]
	at sun.reflect.DelegatingMethodAccessorImpl.invoke(DelegatingMethodAccessorImpl.java:43) ~[?:1.7.0_60]
	at java.lang.reflect.Method.invoke(Method.java:606) ~[?:1.7.0_60]
	at GradleStart.bounce(GradleStart.java:95) [start/:?]
	at GradleStart.startClient(GradleStart.java:88) [start/:?]
	at GradleStart.main(GradleStart.java:56) [start/:?]
	at sun.reflect.NativeMethodAccessorImpl.invoke0(Native Method) ~[?:1.7.0_60]
	at sun.reflect.NativeMethodAccessorImpl.invoke(NativeMethodAccessorImpl.java:57) ~[?:1.7.0_60]
	at sun.reflect.DelegatingMethodAccessorImpl.invoke(DelegatingMethodAccessorImpl.java:43) ~[?:1.7.0_60]
	at java.lang.reflect.Method.invoke(Method.java:606) ~[?:1.7.0_60]
	at com.intellij.rt.execution.application.AppMain.main(AppMain.java:134) [idea_rt.jar:?]
[09:54:27] [Client thread/ERROR]: Using missing texture, unable to load civilizationcraft:textures/blocks/orecobalt.png
java.io.FileNotFoundException: civilizationcraft:textures/blocks/orecobalt.png
	at net.minecraft.client.resources.FallbackResourceManager.getResource(FallbackResourceManager.java:65) ~[FallbackResourceManager.class:?]
	at net.minecraft.client.resources.SimpleReloadableResourceManager.getResource(SimpleReloadableResourceManager.java:67) ~[SimpleReloadableResourceManager.class:?]
	at net.minecraft.client.renderer.texture.TextureMap.loadTextureAtlas(TextureMap.java:126) [TextureMap.class:?]
	at net.minecraft.client.renderer.texture.TextureMap.loadTexture(TextureMap.java:91) [TextureMap.class:?]
	at net.minecraft.client.renderer.texture.TextureManager.loadTexture(TextureManager.java:89) [TextureManager.class:?]
	at net.minecraft.client.renderer.texture.TextureManager.onResourceManagerReload(TextureManager.java:170) [TextureManager.class:?]
	at net.minecraft.client.resources.SimpleReloadableResourceManager.notifyReloadListeners(SimpleReloadableResourceManager.java:134) [SimpleReloadableResourceManager.class:?]
	at net.minecraft.client.resources.SimpleReloadableResourceManager.reloadResources(SimpleReloadableResourceManager.java:118) [SimpleReloadableResourceManager.class:?]
	at net.minecraft.client.Minecraft.refreshResources(Minecraft.java:653) [Minecraft.class:?]
	at cpw.mods.fml.client.FMLClientHandler.finishMinecraftLoading(FMLClientHandler.java:303) [FMLClientHandler.class:?]
	at net.minecraft.client.Minecraft.startGame(Minecraft.java:596) [Minecraft.class:?]
	at net.minecraft.client.Minecraft.run(Minecraft.java:941) [Minecraft.class:?]
	at net.minecraft.client.main.Main.main(Main.java:164) [Main.class:?]
	at sun.reflect.NativeMethodAccessorImpl.invoke0(Native Method) ~[?:1.7.0_60]
	at sun.reflect.NativeMethodAccessorImpl.invoke(NativeMethodAccessorImpl.java:57) ~[?:1.7.0_60]
	at sun.reflect.DelegatingMethodAccessorImpl.invoke(DelegatingMethodAccessorImpl.java:43) ~[?:1.7.0_60]
	at java.lang.reflect.Method.invoke(Method.java:606) ~[?:1.7.0_60]
	at net.minecraft.launchwrapper.Launch.launch(Launch.java:134) [launchwrapper-1.9.jar:?]
	at net.minecraft.launchwrapper.Launch.main(Launch.java:28) [launchwrapper-1.9.jar:?]
	at sun.reflect.NativeMethodAccessorImpl.invoke0(Native Method) ~[?:1.7.0_60]
	at sun.reflect.NativeMethodAccessorImpl.invoke(NativeMethodAccessorImpl.java:57) ~[?:1.7.0_60]
	at sun.reflect.DelegatingMethodAccessorImpl.invoke(DelegatingMethodAccessorImpl.java:43) ~[?:1.7.0_60]
	at java.lang.reflect.Method.invoke(Method.java:606) ~[?:1.7.0_60]
	at GradleStart.bounce(GradleStart.java:95) [start/:?]
	at GradleStart.startClient(GradleStart.java:88) [start/:?]
	at GradleStart.main(GradleStart.java:56) [start/:?]
	at sun.reflect.NativeMethodAccessorImpl.invoke0(Native Method) ~[?:1.7.0_60]
	at sun.reflect.NativeMethodAccessorImpl.invoke(NativeMethodAccessorImpl.java:57) ~[?:1.7.0_60]
	at sun.reflect.DelegatingMethodAccessorImpl.invoke(DelegatingMethodAccessorImpl.java:43) ~[?:1.7.0_60]
	at java.lang.reflect.Method.invoke(Method.java:606) ~[?:1.7.0_60]
	at com.intellij.rt.execution.application.AppMain.main(AppMain.java:134) [idea_rt.jar:?]
[09:54:27] [Client thread/ERROR]: Using missing texture, unable to load civilizationcraft:textures/blocks/oretungsten.png
java.io.FileNotFoundException: civilizationcraft:textures/blocks/oretungsten.png
	at net.minecraft.client.resources.FallbackResourceManager.getResource(FallbackResourceManager.java:65) ~[FallbackResourceManager.class:?]
	at net.minecraft.client.resources.SimpleReloadableResourceManager.getResource(SimpleReloadableResourceManager.java:67) ~[SimpleReloadableResourceManager.class:?]
	at net.minecraft.client.renderer.texture.TextureMap.loadTextureAtlas(TextureMap.java:126) [TextureMap.class:?]
	at net.minecraft.client.renderer.texture.TextureMap.loadTexture(TextureMap.java:91) [TextureMap.class:?]
	at net.minecraft.client.renderer.texture.TextureManager.loadTexture(TextureManager.java:89) [TextureManager.class:?]
	at net.minecraft.client.renderer.texture.TextureManager.onResourceManagerReload(TextureManager.java:170) [TextureManager.class:?]
	at net.minecraft.client.resources.SimpleReloadableResourceManager.notifyReloadListeners(SimpleReloadableResourceManager.java:134) [SimpleReloadableResourceManager.class:?]
	at net.minecraft.client.resources.SimpleReloadableResourceManager.reloadResources(SimpleReloadableResourceManager.java:118) [SimpleReloadableResourceManager.class:?]
	at net.minecraft.client.Minecraft.refreshResources(Minecraft.java:653) [Minecraft.class:?]
	at cpw.mods.fml.client.FMLClientHandler.finishMinecraftLoading(FMLClientHandler.java:303) [FMLClientHandler.class:?]
	at net.minecraft.client.Minecraft.startGame(Minecraft.java:596) [Minecraft.class:?]
	at net.minecraft.client.Minecraft.run(Minecraft.java:941) [Minecraft.class:?]
	at net.minecraft.client.main.Main.main(Main.java:164) [Main.class:?]
	at sun.reflect.NativeMethodAccessorImpl.invoke0(Native Method) ~[?:1.7.0_60]
	at sun.reflect.NativeMethodAccessorImpl.invoke(NativeMethodAccessorImpl.java:57) ~[?:1.7.0_60]
	at sun.reflect.DelegatingMethodAccessorImpl.invoke(DelegatingMethodAccessorImpl.java:43) ~[?:1.7.0_60]
	at java.lang.reflect.Method.invoke(Method.java:606) ~[?:1.7.0_60]
	at net.minecraft.launchwrapper.Launch.launch(Launch.java:134) [launchwrapper-1.9.jar:?]
	at net.minecraft.launchwrapper.Launch.main(Launch.java:28) [launchwrapper-1.9.jar:?]
	at sun.reflect.NativeMethodAccessorImpl.invoke0(Native Method) ~[?:1.7.0_60]
	at sun.reflect.NativeMethodAccessorImpl.invoke(NativeMethodAccessorImpl.java:57) ~[?:1.7.0_60]
	at sun.reflect.DelegatingMethodAccessorImpl.invoke(DelegatingMethodAccessorImpl.java:43) ~[?:1.7.0_60]
	at java.lang.reflect.Method.invoke(Method.java:606) ~[?:1.7.0_60]
	at GradleStart.bounce(GradleStart.java:95) [start/:?]
	at GradleStart.startClient(GradleStart.java:88) [start/:?]
	at GradleStart.main(GradleStart.java:56) [start/:?]
	at sun.reflect.NativeMethodAccessorImpl.invoke0(Native Method) ~[?:1.7.0_60]
	at sun.reflect.NativeMethodAccessorImpl.invoke(NativeMethodAccessorImpl.java:57) ~[?:1.7.0_60]
	at sun.reflect.DelegatingMethodAccessorImpl.invoke(DelegatingMethodAccessorImpl.java:43) ~[?:1.7.0_60]
	at java.lang.reflect.Method.invoke(Method.java:606) ~[?:1.7.0_60]
	at com.intellij.rt.execution.application.AppMain.main(AppMain.java:134) [idea_rt.jar:?]
[09:54:27] [Client thread/ERROR]: Using missing texture, unable to load civilizationcraft:textures/blocks/orecopper.png
java.io.FileNotFoundException: civilizationcraft:textures/blocks/orecopper.png
	at net.minecraft.client.resources.FallbackResourceManager.getResource(FallbackResourceManager.java:65) ~[FallbackResourceManager.class:?]
	at net.minecraft.client.resources.SimpleReloadableResourceManager.getResource(SimpleReloadableResourceManager.java:67) ~[SimpleReloadableResourceManager.class:?]
	at net.minecraft.client.renderer.texture.TextureMap.loadTextureAtlas(TextureMap.java:126) [TextureMap.class:?]
	at net.minecraft.client.renderer.texture.TextureMap.loadTexture(TextureMap.java:91) [TextureMap.class:?]
	at net.minecraft.client.renderer.texture.TextureManager.loadTexture(TextureManager.java:89) [TextureManager.class:?]
	at net.minecraft.client.renderer.texture.TextureManager.onResourceManagerReload(TextureManager.java:170) [TextureManager.class:?]
	at net.minecraft.client.resources.SimpleReloadableResourceManager.notifyReloadListeners(SimpleReloadableResourceManager.java:134) [SimpleReloadableResourceManager.class:?]
	at net.minecraft.client.resources.SimpleReloadableResourceManager.reloadResources(SimpleReloadableResourceManager.java:118) [SimpleReloadableResourceManager.class:?]
	at net.minecraft.client.Minecraft.refreshResources(Minecraft.java:653) [Minecraft.class:?]
	at cpw.mods.fml.client.FMLClientHandler.finishMinecraftLoading(FMLClientHandler.java:303) [FMLClientHandler.class:?]
	at net.minecraft.client.Minecraft.startGame(Minecraft.java:596) [Minecraft.class:?]
	at net.minecraft.client.Minecraft.run(Minecraft.java:941) [Minecraft.class:?]
	at net.minecraft.client.main.Main.main(Main.java:164) [Main.class:?]
	at sun.reflect.NativeMethodAccessorImpl.invoke0(Native Method) ~[?:1.7.0_60]
	at sun.reflect.NativeMethodAccessorImpl.invoke(NativeMethodAccessorImpl.java:57) ~[?:1.7.0_60]
	at sun.reflect.DelegatingMethodAccessorImpl.invoke(DelegatingMethodAccessorImpl.java:43) ~[?:1.7.0_60]
	at java.lang.reflect.Method.invoke(Method.java:606) ~[?:1.7.0_60]
	at net.minecraft.launchwrapper.Launch.launch(Launch.java:134) [launchwrapper-1.9.jar:?]
	at net.minecraft.launchwrapper.Launch.main(Launch.java:28) [launchwrapper-1.9.jar:?]
	at sun.reflect.NativeMethodAccessorImpl.invoke0(Native Method) ~[?:1.7.0_60]
	at sun.reflect.NativeMethodAccessorImpl.invoke(NativeMethodAccessorImpl.java:57) ~[?:1.7.0_60]
	at sun.reflect.DelegatingMethodAccessorImpl.invoke(DelegatingMethodAccessorImpl.java:43) ~[?:1.7.0_60]
	at java.lang.reflect.Method.invoke(Method.java:606) ~[?:1.7.0_60]
	at GradleStart.bounce(GradleStart.java:95) [start/:?]
	at GradleStart.startClient(GradleStart.java:88) [start/:?]
	at GradleStart.main(GradleStart.java:56) [start/:?]
	at sun.reflect.NativeMethodAccessorImpl.invoke0(Native Method) ~[?:1.7.0_60]
	at sun.reflect.NativeMethodAccessorImpl.invoke(NativeMethodAccessorImpl.java:57) ~[?:1.7.0_60]
	at sun.reflect.DelegatingMethodAccessorImpl.invoke(DelegatingMethodAccessorImpl.java:43) ~[?:1.7.0_60]
	at java.lang.reflect.Method.invoke(Method.java:606) ~[?:1.7.0_60]
	at com.intellij.rt.execution.application.AppMain.main(AppMain.java:134) [idea_rt.jar:?]
[09:54:27] [Client thread/INFO]: Created: 512x256 textures/blocks-atlas
[09:54:28] [Sound Library Loader/INFO]: Sound engine started
[09:54:42] [Client thread/INFO]: Stopping!
